[2024-08-14 17:16:48] laravel.EMERGENCY: Unable to create configured logger. Using emergency logger. {"exception":"[object] (InvalidArgumentException(code: 0): Log [deprecations] is not defined. at C:\\DEV\\dontouch-test\\vendor\\laravel\\framework\\src\\Illuminate\\Log\\LogManager.php:210)
[stacktrace]
#0 C:\\DEV\\dontouch-test\\vendor\\laravel\\framework\\src\\Illuminate\\Log\\LogManager.php(135): Illuminate\\Log\\LogManager->resolve('deprecations', NULL)
#1 C:\\DEV\\dontouch-test\\vendor\\laravel\\framework\\src\\Illuminate\\Log\\LogManager.php(122): Illuminate\\Log\\LogManager->get('deprecations')
#2 C:\\DEV\\dontouch-test\\vendor\\laravel\\framework\\src\\Illuminate\\Log\\LogManager.php(111): Illuminate\\Log\\LogManager->driver('deprecations')
#3 C:\\DEV\\dontouch-test\\vendor\\laravel\\lumen-framework\\src\\Concerns\\RegistersExceptionHandlers.php(104): Illuminate\\Log\\LogManager->channel('deprecations')
#4 C:\\DEV\\dontouch-test\\vendor\\laravel\\lumen-framework\\src\\Concerns\\RegistersExceptionHandlers.php(75): Laravel\\Lumen\\Application->handleDeprecation('Constant FILTER...', 'C:\\\\DEV\\\\dontouch...', 128)
#5 C:\\DEV\\dontouch-test\\vendor\\laravel\\lumen-framework\\src\\Concerns\\RegistersExceptionHandlers.php(47): Laravel\\Lumen\\Application->handleError(8192, 'Constant FILTER...', 'C:\\\\DEV\\\\dontouch...', 128)
#6 C:\\DEV\\dontouch-test\\app\\Http\\Controllers\\ProfileController.php(128): Laravel\\Lumen\\Application->Laravel\\Lumen\\Concerns\\{closure}(8192, 'Constant FILTER...', 'C:\\\\DEV\\\\dontouch...', 128)
#7 C:\\DEV\\dontouch-test\\app\\Http\\Controllers\\ProfileController.php(110): App\\Http\\Controllers\\ProfileController->validateRequest(Array, false)
#8 C:\\DEV\\dontouch-test\\vendor\\laravel\\framework\\src\\Illuminate\\Container\\BoundMethod.php(36): App\\Http\\Controllers\\ProfileController->create(Object(Laravel\\Lumen\\Http\\Request))
#9 C:\\DEV\\dontouch-test\\vendor\\laravel\\framework\\src\\Illuminate\\Container\\Util.php(41): Illuminate\\Container\\BoundMethod::Illuminate\\Container\\{closure}()
#10 C:\\DEV\\dontouch-test\\vendor\\laravel\\framework\\src\\Illuminate\\Container\\BoundMethod.php(93): Illuminate\\Container\\Util::unwrapIfClosure(Object(Closure))
#11 C:\\DEV\\dontouch-test\\vendor\\laravel\\framework\\src\\Illuminate\\Container\\BoundMethod.php(35): Illuminate\\Container\\BoundMethod::callBoundMethod(Object(Laravel\\Lumen\\Application), Array, Object(Closure))
#12 C:\\DEV\\dontouch-test\\vendor\\laravel\\framework\\src\\Illuminate\\Container\\Container.php(661): Illuminate\\Container\\BoundMethod::call(Object(Laravel\\Lumen\\Application), Array, Array, NULL)
#13 C:\\DEV\\dontouch-test\\vendor\\laravel\\lumen-framework\\src\\Concerns\\RoutesRequests.php(391): Illuminate\\Container\\Container->call(Array, Array)
#14 C:\\DEV\\dontouch-test\\vendor\\laravel\\lumen-framework\\src\\Concerns\\RoutesRequests.php(333): Laravel\\Lumen\\Application->callControllerCallable(Array, Array)
#15 C:\\DEV\\dontouch-test\\vendor\\laravel\\lumen-framework\\src\\Concerns\\RoutesRequests.php(284): Laravel\\Lumen\\Application->callControllerAction(Array)
#16 C:\\DEV\\dontouch-test\\vendor\\laravel\\lumen-framework\\src\\Concerns\\RoutesRequests.php(264): Laravel\\Lumen\\Application->callActionOnArrayBasedRoute(Array)
#17 C:\\DEV\\dontouch-test\\vendor\\laravel\\lumen-framework\\src\\Routing\\Pipeline.php(48): Laravel\\Lumen\\Application->Laravel\\Lumen\\Concerns\\{closure}(Object(Laravel\\Lumen\\Http\\Request))
#18 C:\\DEV\\dontouch-test\\app\\Http\\Middleware\\Authenticate.php(34): Laravel\\Lumen\\Routing\\Pipeline->Laravel\\Lumen\\Routing\\{closure}(Object(Laravel\\Lumen\\Http\\Request))
#19 C:\\DEV\\dontouch-test\\vendor\\laravel\\framework\\src\\Illuminate\\Pipeline\\Pipeline.php(180): App\\Http\\Middleware\\Authenticate->handle(Object(Laravel\\Lumen\\Http\\Request), Object(Closure))
#20 C:\\DEV\\dontouch-test\\vendor\\laravel\\lumen-framework\\src\\Routing\\Pipeline.php(30): Illuminate\\Pipeline\\Pipeline->Illuminate\\Pipeline\\{closure}(Object(Laravel\\Lumen\\Http\\Request))
#21 C:\\DEV\\dontouch-test\\vendor\\laravel\\framework\\src\\Illuminate\\Pipeline\\Pipeline.php(116): Laravel\\Lumen\\Routing\\Pipeline->Laravel\\Lumen\\Routing\\{closure}(Object(Laravel\\Lumen\\Http\\Request))
#22 C:\\DEV\\dontouch-test\\vendor\\laravel\\lumen-framework\\src\\Concerns\\RoutesRequests.php(428): Illuminate\\Pipeline\\Pipeline->then(Object(Closure))
#23 C:\\DEV\\dontouch-test\\vendor\\laravel\\lumen-framework\\src\\Concerns\\RoutesRequests.php(263): Laravel\\Lumen\\Application->sendThroughPipeline(Array, Object(Closure))
#24 C:\\DEV\\dontouch-test\\vendor\\laravel\\lumen-framework\\src\\Concerns\\RoutesRequests.php(171): Laravel\\Lumen\\Application->handleFoundRoute(Array)
#25 C:\\DEV\\dontouch-test\\vendor\\laravel\\lumen-framework\\src\\Routing\\Pipeline.php(48): Laravel\\Lumen\\Application->Laravel\\Lumen\\Concerns\\{closure}(Object(Laravel\\Lumen\\Http\\Request))
#26 C:\\DEV\\dontouch-test\\app\\Http\\Middleware\\AccessOperation.php(21): Laravel\\Lumen\\Routing\\Pipeline->Laravel\\Lumen\\Routing\\{closure}(Object(Laravel\\Lumen\\Http\\Request))
#27 C:\\DEV\\dontouch-test\\vendor\\laravel\\framework\\src\\Illuminate\\Pipeline\\Pipeline.php(180): App\\Http\\Middleware\\AccessOperation->handle(Object(Laravel\\Lumen\\Http\\Request), Object(Closure))
#28 C:\\DEV\\dontouch-test\\vendor\\laravel\\lumen-framework\\src\\Routing\\Pipeline.php(30): Illuminate\\Pipeline\\Pipeline->Illuminate\\Pipeline\\{closure}(Object(Laravel\\Lumen\\Http\\Request))
#29 C:\\DEV\\dontouch-test\\vendor\\laravel\\framework\\src\\Illuminate\\Pipeline\\Pipeline.php(116): Laravel\\Lumen\\Routing\\Pipeline->Laravel\\Lumen\\Routing\\{closure}(Object(Laravel\\Lumen\\Http\\Request))
#30 C:\\DEV\\dontouch-test\\vendor\\laravel\\lumen-framework\\src\\Concerns\\RoutesRequests.php(428): Illuminate\\Pipeline\\Pipeline->then(Object(Closure))
#31 C:\\DEV\\dontouch-test\\vendor\\laravel\\lumen-framework\\src\\Concerns\\RoutesRequests.php(167): Laravel\\Lumen\\Application->sendThroughPipeline(Array, Object(Closure))
#32 C:\\DEV\\dontouch-test\\vendor\\laravel\\lumen-framework\\src\\Concerns\\RoutesRequests.php(112): Laravel\\Lumen\\Application->dispatch(NULL)
#33 C:\\DEV\\dontouch-test\\public\\index.php(28): Laravel\\Lumen\\Application->run()
#34 {main}
"} 
[2024-08-14 17:16:48] laravel.WARNING: Constant FILTER_SANITIZE_STRING is deprecated in C:\DEV\dontouch-test\app\Http\Controllers\ProfileController.php on line 128  
[2024-08-14 17:16:48] laravel.EMERGENCY: Unable to create configured logger. Using emergency logger. {"exception":"[object] (InvalidArgumentException(code: 0): Log [deprecations] is not defined. at C:\\DEV\\dontouch-test\\vendor\\laravel\\framework\\src\\Illuminate\\Log\\LogManager.php:210)
[stacktrace]
#0 C:\\DEV\\dontouch-test\\vendor\\laravel\\framework\\src\\Illuminate\\Log\\LogManager.php(135): Illuminate\\Log\\LogManager->resolve('deprecations', NULL)
#1 C:\\DEV\\dontouch-test\\vendor\\laravel\\framework\\src\\Illuminate\\Log\\LogManager.php(122): Illuminate\\Log\\LogManager->get('deprecations')
#2 C:\\DEV\\dontouch-test\\vendor\\laravel\\framework\\src\\Illuminate\\Log\\LogManager.php(111): Illuminate\\Log\\LogManager->driver('deprecations')
#3 C:\\DEV\\dontouch-test\\vendor\\laravel\\lumen-framework\\src\\Concerns\\RegistersExceptionHandlers.php(104): Illuminate\\Log\\LogManager->channel('deprecations')
#4 C:\\DEV\\dontouch-test\\vendor\\laravel\\lumen-framework\\src\\Concerns\\RegistersExceptionHandlers.php(75): Laravel\\Lumen\\Application->handleDeprecation('Constant FILTER...', 'C:\\\\DEV\\\\dontouch...', 129)
#5 C:\\DEV\\dontouch-test\\vendor\\laravel\\lumen-framework\\src\\Concerns\\RegistersExceptionHandlers.php(47): Laravel\\Lumen\\Application->handleError(8192, 'Constant FILTER...', 'C:\\\\DEV\\\\dontouch...', 129)
#6 C:\\DEV\\dontouch-test\\app\\Http\\Controllers\\ProfileController.php(129): Laravel\\Lumen\\Application->Laravel\\Lumen\\Concerns\\{closure}(8192, 'Constant FILTER...', 'C:\\\\DEV\\\\dontouch...', 129)
#7 C:\\DEV\\dontouch-test\\app\\Http\\Controllers\\ProfileController.php(110): App\\Http\\Controllers\\ProfileController->validateRequest(Array, false)
#8 C:\\DEV\\dontouch-test\\vendor\\laravel\\framework\\src\\Illuminate\\Container\\BoundMethod.php(36): App\\Http\\Controllers\\ProfileController->create(Object(Laravel\\Lumen\\Http\\Request))
#9 C:\\DEV\\dontouch-test\\vendor\\laravel\\framework\\src\\Illuminate\\Container\\Util.php(41): Illuminate\\Container\\BoundMethod::Illuminate\\Container\\{closure}()
#10 C:\\DEV\\dontouch-test\\vendor\\laravel\\framework\\src\\Illuminate\\Container\\BoundMethod.php(93): Illuminate\\Container\\Util::unwrapIfClosure(Object(Closure))
#11 C:\\DEV\\dontouch-test\\vendor\\laravel\\framework\\src\\Illuminate\\Container\\BoundMethod.php(35): Illuminate\\Container\\BoundMethod::callBoundMethod(Object(Laravel\\Lumen\\Application), Array, Object(Closure))
#12 C:\\DEV\\dontouch-test\\vendor\\laravel\\framework\\src\\Illuminate\\Container\\Container.php(661): Illuminate\\Container\\BoundMethod::call(Object(Laravel\\Lumen\\Application), Array, Array, NULL)
#13 C:\\DEV\\dontouch-test\\vendor\\laravel\\lumen-framework\\src\\Concerns\\RoutesRequests.php(391): Illuminate\\Container\\Container->call(Array, Array)
#14 C:\\DEV\\dontouch-test\\vendor\\laravel\\lumen-framework\\src\\Concerns\\RoutesRequests.php(333): Laravel\\Lumen\\Application->callControllerCallable(Array, Array)
#15 C:\\DEV\\dontouch-test\\vendor\\laravel\\lumen-framework\\src\\Concerns\\RoutesRequests.php(284): Laravel\\Lumen\\Application->callControllerAction(Array)
#16 C:\\DEV\\dontouch-test\\vendor\\laravel\\lumen-framework\\src\\Concerns\\RoutesRequests.php(264): Laravel\\Lumen\\Application->callActionOnArrayBasedRoute(Array)
#17 C:\\DEV\\dontouch-test\\vendor\\laravel\\lumen-framework\\src\\Routing\\Pipeline.php(48): Laravel\\Lumen\\Application->Laravel\\Lumen\\Concerns\\{closure}(Object(Laravel\\Lumen\\Http\\Request))
#18 C:\\DEV\\dontouch-test\\app\\Http\\Middleware\\Authenticate.php(34): Laravel\\Lumen\\Routing\\Pipeline->Laravel\\Lumen\\Routing\\{closure}(Object(Laravel\\Lumen\\Http\\Request))
#19 C:\\DEV\\dontouch-test\\vendor\\laravel\\framework\\src\\Illuminate\\Pipeline\\Pipeline.php(180): App\\Http\\Middleware\\Authenticate->handle(Object(Laravel\\Lumen\\Http\\Request), Object(Closure))
#20 C:\\DEV\\dontouch-test\\vendor\\laravel\\lumen-framework\\src\\Routing\\Pipeline.php(30): Illuminate\\Pipeline\\Pipeline->Illuminate\\Pipeline\\{closure}(Object(Laravel\\Lumen\\Http\\Request))
#21 C:\\DEV\\dontouch-test\\vendor\\laravel\\framework\\src\\Illuminate\\Pipeline\\Pipeline.php(116): Laravel\\Lumen\\Routing\\Pipeline->Laravel\\Lumen\\Routing\\{closure}(Object(Laravel\\Lumen\\Http\\Request))
#22 C:\\DEV\\dontouch-test\\vendor\\laravel\\lumen-framework\\src\\Concerns\\RoutesRequests.php(428): Illuminate\\Pipeline\\Pipeline->then(Object(Closure))
#23 C:\\DEV\\dontouch-test\\vendor\\laravel\\lumen-framework\\src\\Concerns\\RoutesRequests.php(263): Laravel\\Lumen\\Application->sendThroughPipeline(Array, Object(Closure))
#24 C:\\DEV\\dontouch-test\\vendor\\laravel\\lumen-framework\\src\\Concerns\\RoutesRequests.php(171): Laravel\\Lumen\\Application->handleFoundRoute(Array)
#25 C:\\DEV\\dontouch-test\\vendor\\laravel\\lumen-framework\\src\\Routing\\Pipeline.php(48): Laravel\\Lumen\\Application->Laravel\\Lumen\\Concerns\\{closure}(Object(Laravel\\Lumen\\Http\\Request))
#26 C:\\DEV\\dontouch-test\\app\\Http\\Middleware\\AccessOperation.php(21): Laravel\\Lumen\\Routing\\Pipeline->Laravel\\Lumen\\Routing\\{closure}(Object(Laravel\\Lumen\\Http\\Request))
#27 C:\\DEV\\dontouch-test\\vendor\\laravel\\framework\\src\\Illuminate\\Pipeline\\Pipeline.php(180): App\\Http\\Middleware\\AccessOperation->handle(Object(Laravel\\Lumen\\Http\\Request), Object(Closure))
#28 C:\\DEV\\dontouch-test\\vendor\\laravel\\lumen-framework\\src\\Routing\\Pipeline.php(30): Illuminate\\Pipeline\\Pipeline->Illuminate\\Pipeline\\{closure}(Object(Laravel\\Lumen\\Http\\Request))
#29 C:\\DEV\\dontouch-test\\vendor\\laravel\\framework\\src\\Illuminate\\Pipeline\\Pipeline.php(116): Laravel\\Lumen\\Routing\\Pipeline->Laravel\\Lumen\\Routing\\{closure}(Object(Laravel\\Lumen\\Http\\Request))
#30 C:\\DEV\\dontouch-test\\vendor\\laravel\\lumen-framework\\src\\Concerns\\RoutesRequests.php(428): Illuminate\\Pipeline\\Pipeline->then(Object(Closure))
#31 C:\\DEV\\dontouch-test\\vendor\\laravel\\lumen-framework\\src\\Concerns\\RoutesRequests.php(167): Laravel\\Lumen\\Application->sendThroughPipeline(Array, Object(Closure))
#32 C:\\DEV\\dontouch-test\\vendor\\laravel\\lumen-framework\\src\\Concerns\\RoutesRequests.php(112): Laravel\\Lumen\\Application->dispatch(NULL)
#33 C:\\DEV\\dontouch-test\\public\\index.php(28): Laravel\\Lumen\\Application->run()
#34 {main}
"} 
[2024-08-14 17:16:48] laravel.WARNING: Constant FILTER_SANITIZE_STRING is deprecated in C:\DEV\dontouch-test\app\Http\Controllers\ProfileController.php on line 129  
[2024-08-14 17:16:48] laravel.EMERGENCY: Unable to create configured logger. Using emergency logger. {"exception":"[object] (InvalidArgumentException(code: 0): Log [deprecations] is not defined. at C:\\DEV\\dontouch-test\\vendor\\laravel\\framework\\src\\Illuminate\\Log\\LogManager.php:210)
[stacktrace]
#0 C:\\DEV\\dontouch-test\\vendor\\laravel\\framework\\src\\Illuminate\\Log\\LogManager.php(135): Illuminate\\Log\\LogManager->resolve('deprecations', NULL)
#1 C:\\DEV\\dontouch-test\\vendor\\laravel\\framework\\src\\Illuminate\\Log\\LogManager.php(122): Illuminate\\Log\\LogManager->get('deprecations')
#2 C:\\DEV\\dontouch-test\\vendor\\laravel\\framework\\src\\Illuminate\\Log\\LogManager.php(111): Illuminate\\Log\\LogManager->driver('deprecations')
#3 C:\\DEV\\dontouch-test\\vendor\\laravel\\lumen-framework\\src\\Concerns\\RegistersExceptionHandlers.php(104): Illuminate\\Log\\LogManager->channel('deprecations')
#4 C:\\DEV\\dontouch-test\\vendor\\laravel\\lumen-framework\\src\\Concerns\\RegistersExceptionHandlers.php(75): Laravel\\Lumen\\Application->handleDeprecation('Constant FILTER...', 'C:\\\\DEV\\\\dontouch...', 130)
#5 C:\\DEV\\dontouch-test\\vendor\\laravel\\lumen-framework\\src\\Concerns\\RegistersExceptionHandlers.php(47): Laravel\\Lumen\\Application->handleError(8192, 'Constant FILTER...', 'C:\\\\DEV\\\\dontouch...', 130)
#6 C:\\DEV\\dontouch-test\\app\\Http\\Controllers\\ProfileController.php(130): Laravel\\Lumen\\Application->Laravel\\Lumen\\Concerns\\{closure}(8192, 'Constant FILTER...', 'C:\\\\DEV\\\\dontouch...', 130)
#7 C:\\DEV\\dontouch-test\\app\\Http\\Controllers\\ProfileController.php(110): App\\Http\\Controllers\\ProfileController->validateRequest(Array, false)
#8 C:\\DEV\\dontouch-test\\vendor\\laravel\\framework\\src\\Illuminate\\Container\\BoundMethod.php(36): App\\Http\\Controllers\\ProfileController->create(Object(Laravel\\Lumen\\Http\\Request))
#9 C:\\DEV\\dontouch-test\\vendor\\laravel\\framework\\src\\Illuminate\\Container\\Util.php(41): Illuminate\\Container\\BoundMethod::Illuminate\\Container\\{closure}()
#10 C:\\DEV\\dontouch-test\\vendor\\laravel\\framework\\src\\Illuminate\\Container\\BoundMethod.php(93): Illuminate\\Container\\Util::unwrapIfClosure(Object(Closure))
#11 C:\\DEV\\dontouch-test\\vendor\\laravel\\framework\\src\\Illuminate\\Container\\BoundMethod.php(35): Illuminate\\Container\\BoundMethod::callBoundMethod(Object(Laravel\\Lumen\\Application), Array, Object(Closure))
#12 C:\\DEV\\dontouch-test\\vendor\\laravel\\framework\\src\\Illuminate\\Container\\Container.php(661): Illuminate\\Container\\BoundMethod::call(Object(Laravel\\Lumen\\Application), Array, Array, NULL)
#13 C:\\DEV\\dontouch-test\\vendor\\laravel\\lumen-framework\\src\\Concerns\\RoutesRequests.php(391): Illuminate\\Container\\Container->call(Array, Array)
#14 C:\\DEV\\dontouch-test\\vendor\\laravel\\lumen-framework\\src\\Concerns\\RoutesRequests.php(333): Laravel\\Lumen\\Application->callControllerCallable(Array, Array)
#15 C:\\DEV\\dontouch-test\\vendor\\laravel\\lumen-framework\\src\\Concerns\\RoutesRequests.php(284): Laravel\\Lumen\\Application->callControllerAction(Array)
#16 C:\\DEV\\dontouch-test\\vendor\\laravel\\lumen-framework\\src\\Concerns\\RoutesRequests.php(264): Laravel\\Lumen\\Application->callActionOnArrayBasedRoute(Array)
#17 C:\\DEV\\dontouch-test\\vendor\\laravel\\lumen-framework\\src\\Routing\\Pipeline.php(48): Laravel\\Lumen\\Application->Laravel\\Lumen\\Concerns\\{closure}(Object(Laravel\\Lumen\\Http\\Request))
#18 C:\\DEV\\dontouch-test\\app\\Http\\Middleware\\Authenticate.php(34): Laravel\\Lumen\\Routing\\Pipeline->Laravel\\Lumen\\Routing\\{closure}(Object(Laravel\\Lumen\\Http\\Request))
#19 C:\\DEV\\dontouch-test\\vendor\\laravel\\framework\\src\\Illuminate\\Pipeline\\Pipeline.php(180): App\\Http\\Middleware\\Authenticate->handle(Object(Laravel\\Lumen\\Http\\Request), Object(Closure))
#20 C:\\DEV\\dontouch-test\\vendor\\laravel\\lumen-framework\\src\\Routing\\Pipeline.php(30): Illuminate\\Pipeline\\Pipeline->Illuminate\\Pipeline\\{closure}(Object(Laravel\\Lumen\\Http\\Request))
#21 C:\\DEV\\dontouch-test\\vendor\\laravel\\framework\\src\\Illuminate\\Pipeline\\Pipeline.php(116): Laravel\\Lumen\\Routing\\Pipeline->Laravel\\Lumen\\Routing\\{closure}(Object(Laravel\\Lumen\\Http\\Request))
#22 C:\\DEV\\dontouch-test\\vendor\\laravel\\lumen-framework\\src\\Concerns\\RoutesRequests.php(428): Illuminate\\Pipeline\\Pipeline->then(Object(Closure))
#23 C:\\DEV\\dontouch-test\\vendor\\laravel\\lumen-framework\\src\\Concerns\\RoutesRequests.php(263): Laravel\\Lumen\\Application->sendThroughPipeline(Array, Object(Closure))
#24 C:\\DEV\\dontouch-test\\vendor\\laravel\\lumen-framework\\src\\Concerns\\RoutesRequests.php(171): Laravel\\Lumen\\Application->handleFoundRoute(Array)
#25 C:\\DEV\\dontouch-test\\vendor\\laravel\\lumen-framework\\src\\Routing\\Pipeline.php(48): Laravel\\Lumen\\Application->Laravel\\Lumen\\Concerns\\{closure}(Object(Laravel\\Lumen\\Http\\Request))
#26 C:\\DEV\\dontouch-test\\app\\Http\\Middleware\\AccessOperation.php(21): Laravel\\Lumen\\Routing\\Pipeline->Laravel\\Lumen\\Routing\\{closure}(Object(Laravel\\Lumen\\Http\\Request))
#27 C:\\DEV\\dontouch-test\\vendor\\laravel\\framework\\src\\Illuminate\\Pipeline\\Pipeline.php(180): App\\Http\\Middleware\\AccessOperation->handle(Object(Laravel\\Lumen\\Http\\Request), Object(Closure))
#28 C:\\DEV\\dontouch-test\\vendor\\laravel\\lumen-framework\\src\\Routing\\Pipeline.php(30): Illuminate\\Pipeline\\Pipeline->Illuminate\\Pipeline\\{closure}(Object(Laravel\\Lumen\\Http\\Request))
#29 C:\\DEV\\dontouch-test\\vendor\\laravel\\framework\\src\\Illuminate\\Pipeline\\Pipeline.php(116): Laravel\\Lumen\\Routing\\Pipeline->Laravel\\Lumen\\Routing\\{closure}(Object(Laravel\\Lumen\\Http\\Request))
#30 C:\\DEV\\dontouch-test\\vendor\\laravel\\lumen-framework\\src\\Concerns\\RoutesRequests.php(428): Illuminate\\Pipeline\\Pipeline->then(Object(Closure))
#31 C:\\DEV\\dontouch-test\\vendor\\laravel\\lumen-framework\\src\\Concerns\\RoutesRequests.php(167): Laravel\\Lumen\\Application->sendThroughPipeline(Array, Object(Closure))
#32 C:\\DEV\\dontouch-test\\vendor\\laravel\\lumen-framework\\src\\Concerns\\RoutesRequests.php(112): Laravel\\Lumen\\Application->dispatch(NULL)
#33 C:\\DEV\\dontouch-test\\public\\index.php(28): Laravel\\Lumen\\Application->run()
#34 {main}
"} 
[2024-08-14 17:16:48] laravel.WARNING: Constant FILTER_SANITIZE_STRING is deprecated in C:\DEV\dontouch-test\app\Http\Controllers\ProfileController.php on line 130  
[2024-08-14 17:16:48] laravel.EMERGENCY: Unable to create configured logger. Using emergency logger. {"exception":"[object] (InvalidArgumentException(code: 0): Log [deprecations] is not defined. at C:\\DEV\\dontouch-test\\vendor\\laravel\\framework\\src\\Illuminate\\Log\\LogManager.php:210)
[stacktrace]
#0 C:\\DEV\\dontouch-test\\vendor\\laravel\\framework\\src\\Illuminate\\Log\\LogManager.php(135): Illuminate\\Log\\LogManager->resolve('deprecations', NULL)
#1 C:\\DEV\\dontouch-test\\vendor\\laravel\\framework\\src\\Illuminate\\Log\\LogManager.php(122): Illuminate\\Log\\LogManager->get('deprecations')
#2 C:\\DEV\\dontouch-test\\vendor\\laravel\\framework\\src\\Illuminate\\Log\\LogManager.php(111): Illuminate\\Log\\LogManager->driver('deprecations')
#3 C:\\DEV\\dontouch-test\\vendor\\laravel\\lumen-framework\\src\\Concerns\\RegistersExceptionHandlers.php(104): Illuminate\\Log\\LogManager->channel('deprecations')
#4 C:\\DEV\\dontouch-test\\vendor\\laravel\\lumen-framework\\src\\Concerns\\RegistersExceptionHandlers.php(75): Laravel\\Lumen\\Application->handleDeprecation('Constant FILTER...', 'C:\\\\DEV\\\\dontouch...', 131)
#5 C:\\DEV\\dontouch-test\\vendor\\laravel\\lumen-framework\\src\\Concerns\\RegistersExceptionHandlers.php(47): Laravel\\Lumen\\Application->handleError(8192, 'Constant FILTER...', 'C:\\\\DEV\\\\dontouch...', 131)
#6 C:\\DEV\\dontouch-test\\app\\Http\\Controllers\\ProfileController.php(131): Laravel\\Lumen\\Application->Laravel\\Lumen\\Concerns\\{closure}(8192, 'Constant FILTER...', 'C:\\\\DEV\\\\dontouch...', 131)
#7 C:\\DEV\\dontouch-test\\app\\Http\\Controllers\\ProfileController.php(110): App\\Http\\Controllers\\ProfileController->validateRequest(Array, false)
#8 C:\\DEV\\dontouch-test\\vendor\\laravel\\framework\\src\\Illuminate\\Container\\BoundMethod.php(36): App\\Http\\Controllers\\ProfileController->create(Object(Laravel\\Lumen\\Http\\Request))
#9 C:\\DEV\\dontouch-test\\vendor\\laravel\\framework\\src\\Illuminate\\Container\\Util.php(41): Illuminate\\Container\\BoundMethod::Illuminate\\Container\\{closure}()
#10 C:\\DEV\\dontouch-test\\vendor\\laravel\\framework\\src\\Illuminate\\Container\\BoundMethod.php(93): Illuminate\\Container\\Util::unwrapIfClosure(Object(Closure))
#11 C:\\DEV\\dontouch-test\\vendor\\laravel\\framework\\src\\Illuminate\\Container\\BoundMethod.php(35): Illuminate\\Container\\BoundMethod::callBoundMethod(Object(Laravel\\Lumen\\Application), Array, Object(Closure))
#12 C:\\DEV\\dontouch-test\\vendor\\laravel\\framework\\src\\Illuminate\\Container\\Container.php(661): Illuminate\\Container\\BoundMethod::call(Object(Laravel\\Lumen\\Application), Array, Array, NULL)
#13 C:\\DEV\\dontouch-test\\vendor\\laravel\\lumen-framework\\src\\Concerns\\RoutesRequests.php(391): Illuminate\\Container\\Container->call(Array, Array)
#14 C:\\DEV\\dontouch-test\\vendor\\laravel\\lumen-framework\\src\\Concerns\\RoutesRequests.php(333): Laravel\\Lumen\\Application->callControllerCallable(Array, Array)
#15 C:\\DEV\\dontouch-test\\vendor\\laravel\\lumen-framework\\src\\Concerns\\RoutesRequests.php(284): Laravel\\Lumen\\Application->callControllerAction(Array)
#16 C:\\DEV\\dontouch-test\\vendor\\laravel\\lumen-framework\\src\\Concerns\\RoutesRequests.php(264): Laravel\\Lumen\\Application->callActionOnArrayBasedRoute(Array)
#17 C:\\DEV\\dontouch-test\\vendor\\laravel\\lumen-framework\\src\\Routing\\Pipeline.php(48): Laravel\\Lumen\\Application->Laravel\\Lumen\\Concerns\\{closure}(Object(Laravel\\Lumen\\Http\\Request))
#18 C:\\DEV\\dontouch-test\\app\\Http\\Middleware\\Authenticate.php(34): Laravel\\Lumen\\Routing\\Pipeline->Laravel\\Lumen\\Routing\\{closure}(Object(Laravel\\Lumen\\Http\\Request))
#19 C:\\DEV\\dontouch-test\\vendor\\laravel\\framework\\src\\Illuminate\\Pipeline\\Pipeline.php(180): App\\Http\\Middleware\\Authenticate->handle(Object(Laravel\\Lumen\\Http\\Request), Object(Closure))
#20 C:\\DEV\\dontouch-test\\vendor\\laravel\\lumen-framework\\src\\Routing\\Pipeline.php(30): Illuminate\\Pipeline\\Pipeline->Illuminate\\Pipeline\\{closure}(Object(Laravel\\Lumen\\Http\\Request))
#21 C:\\DEV\\dontouch-test\\vendor\\laravel\\framework\\src\\Illuminate\\Pipeline\\Pipeline.php(116): Laravel\\Lumen\\Routing\\Pipeline->Laravel\\Lumen\\Routing\\{closure}(Object(Laravel\\Lumen\\Http\\Request))
#22 C:\\DEV\\dontouch-test\\vendor\\laravel\\lumen-framework\\src\\Concerns\\RoutesRequests.php(428): Illuminate\\Pipeline\\Pipeline->then(Object(Closure))
#23 C:\\DEV\\dontouch-test\\vendor\\laravel\\lumen-framework\\src\\Concerns\\RoutesRequests.php(263): Laravel\\Lumen\\Application->sendThroughPipeline(Array, Object(Closure))
#24 C:\\DEV\\dontouch-test\\vendor\\laravel\\lumen-framework\\src\\Concerns\\RoutesRequests.php(171): Laravel\\Lumen\\Application->handleFoundRoute(Array)
#25 C:\\DEV\\dontouch-test\\vendor\\laravel\\lumen-framework\\src\\Routing\\Pipeline.php(48): Laravel\\Lumen\\Application->Laravel\\Lumen\\Concerns\\{closure}(Object(Laravel\\Lumen\\Http\\Request))
#26 C:\\DEV\\dontouch-test\\app\\Http\\Middleware\\AccessOperation.php(21): Laravel\\Lumen\\Routing\\Pipeline->Laravel\\Lumen\\Routing\\{closure}(Object(Laravel\\Lumen\\Http\\Request))
#27 C:\\DEV\\dontouch-test\\vendor\\laravel\\framework\\src\\Illuminate\\Pipeline\\Pipeline.php(180): App\\Http\\Middleware\\AccessOperation->handle(Object(Laravel\\Lumen\\Http\\Request), Object(Closure))
#28 C:\\DEV\\dontouch-test\\vendor\\laravel\\lumen-framework\\src\\Routing\\Pipeline.php(30): Illuminate\\Pipeline\\Pipeline->Illuminate\\Pipeline\\{closure}(Object(Laravel\\Lumen\\Http\\Request))
#29 C:\\DEV\\dontouch-test\\vendor\\laravel\\framework\\src\\Illuminate\\Pipeline\\Pipeline.php(116): Laravel\\Lumen\\Routing\\Pipeline->Laravel\\Lumen\\Routing\\{closure}(Object(Laravel\\Lumen\\Http\\Request))
#30 C:\\DEV\\dontouch-test\\vendor\\laravel\\lumen-framework\\src\\Concerns\\RoutesRequests.php(428): Illuminate\\Pipeline\\Pipeline->then(Object(Closure))
#31 C:\\DEV\\dontouch-test\\vendor\\laravel\\lumen-framework\\src\\Concerns\\RoutesRequests.php(167): Laravel\\Lumen\\Application->sendThroughPipeline(Array, Object(Closure))
#32 C:\\DEV\\dontouch-test\\vendor\\laravel\\lumen-framework\\src\\Concerns\\RoutesRequests.php(112): Laravel\\Lumen\\Application->dispatch(NULL)
#33 C:\\DEV\\dontouch-test\\public\\index.php(28): Laravel\\Lumen\\Application->run()
#34 {main}
"} 
[2024-08-14 17:16:48] laravel.WARNING: Constant FILTER_SANITIZE_STRING is deprecated in C:\DEV\dontouch-test\app\Http\Controllers\ProfileController.php on line 131  
[2024-08-14 17:16:48] laravel.EMERGENCY: Unable to create configured logger. Using emergency logger. {"exception":"[object] (InvalidArgumentException(code: 0): Log [deprecations] is not defined. at C:\\DEV\\dontouch-test\\vendor\\laravel\\framework\\src\\Illuminate\\Log\\LogManager.php:210)
[stacktrace]
#0 C:\\DEV\\dontouch-test\\vendor\\laravel\\framework\\src\\Illuminate\\Log\\LogManager.php(135): Illuminate\\Log\\LogManager->resolve('deprecations', NULL)
#1 C:\\DEV\\dontouch-test\\vendor\\laravel\\framework\\src\\Illuminate\\Log\\LogManager.php(122): Illuminate\\Log\\LogManager->get('deprecations')
#2 C:\\DEV\\dontouch-test\\vendor\\laravel\\framework\\src\\Illuminate\\Log\\LogManager.php(111): Illuminate\\Log\\LogManager->driver('deprecations')
#3 C:\\DEV\\dontouch-test\\vendor\\laravel\\lumen-framework\\src\\Concerns\\RegistersExceptionHandlers.php(104): Illuminate\\Log\\LogManager->channel('deprecations')
#4 C:\\DEV\\dontouch-test\\vendor\\laravel\\lumen-framework\\src\\Concerns\\RegistersExceptionHandlers.php(75): Laravel\\Lumen\\Application->handleDeprecation('Constant FILTER...', 'C:\\\\DEV\\\\dontouch...', 132)
#5 C:\\DEV\\dontouch-test\\vendor\\laravel\\lumen-framework\\src\\Concerns\\RegistersExceptionHandlers.php(47): Laravel\\Lumen\\Application->handleError(8192, 'Constant FILTER...', 'C:\\\\DEV\\\\dontouch...', 132)
#6 C:\\DEV\\dontouch-test\\app\\Http\\Controllers\\ProfileController.php(132): Laravel\\Lumen\\Application->Laravel\\Lumen\\Concerns\\{closure}(8192, 'Constant FILTER...', 'C:\\\\DEV\\\\dontouch...', 132)
#7 C:\\DEV\\dontouch-test\\app\\Http\\Controllers\\ProfileController.php(110): App\\Http\\Controllers\\ProfileController->validateRequest(Array, false)
#8 C:\\DEV\\dontouch-test\\vendor\\laravel\\framework\\src\\Illuminate\\Container\\BoundMethod.php(36): App\\Http\\Controllers\\ProfileController->create(Object(Laravel\\Lumen\\Http\\Request))
#9 C:\\DEV\\dontouch-test\\vendor\\laravel\\framework\\src\\Illuminate\\Container\\Util.php(41): Illuminate\\Container\\BoundMethod::Illuminate\\Container\\{closure}()
#10 C:\\DEV\\dontouch-test\\vendor\\laravel\\framework\\src\\Illuminate\\Container\\BoundMethod.php(93): Illuminate\\Container\\Util::unwrapIfClosure(Object(Closure))
#11 C:\\DEV\\dontouch-test\\vendor\\laravel\\framework\\src\\Illuminate\\Container\\BoundMethod.php(35): Illuminate\\Container\\BoundMethod::callBoundMethod(Object(Laravel\\Lumen\\Application), Array, Object(Closure))
#12 C:\\DEV\\dontouch-test\\vendor\\laravel\\framework\\src\\Illuminate\\Container\\Container.php(661): Illuminate\\Container\\BoundMethod::call(Object(Laravel\\Lumen\\Application), Array, Array, NULL)
#13 C:\\DEV\\dontouch-test\\vendor\\laravel\\lumen-framework\\src\\Concerns\\RoutesRequests.php(391): Illuminate\\Container\\Container->call(Array, Array)
#14 C:\\DEV\\dontouch-test\\vendor\\laravel\\lumen-framework\\src\\Concerns\\RoutesRequests.php(333): Laravel\\Lumen\\Application->callControllerCallable(Array, Array)
#15 C:\\DEV\\dontouch-test\\vendor\\laravel\\lumen-framework\\src\\Concerns\\RoutesRequests.php(284): Laravel\\Lumen\\Application->callControllerAction(Array)
#16 C:\\DEV\\dontouch-test\\vendor\\laravel\\lumen-framework\\src\\Concerns\\RoutesRequests.php(264): Laravel\\Lumen\\Application->callActionOnArrayBasedRoute(Array)
#17 C:\\DEV\\dontouch-test\\vendor\\laravel\\lumen-framework\\src\\Routing\\Pipeline.php(48): Laravel\\Lumen\\Application->Laravel\\Lumen\\Concerns\\{closure}(Object(Laravel\\Lumen\\Http\\Request))
#18 C:\\DEV\\dontouch-test\\app\\Http\\Middleware\\Authenticate.php(34): Laravel\\Lumen\\Routing\\Pipeline->Laravel\\Lumen\\Routing\\{closure}(Object(Laravel\\Lumen\\Http\\Request))
#19 C:\\DEV\\dontouch-test\\vendor\\laravel\\framework\\src\\Illuminate\\Pipeline\\Pipeline.php(180): App\\Http\\Middleware\\Authenticate->handle(Object(Laravel\\Lumen\\Http\\Request), Object(Closure))
#20 C:\\DEV\\dontouch-test\\vendor\\laravel\\lumen-framework\\src\\Routing\\Pipeline.php(30): Illuminate\\Pipeline\\Pipeline->Illuminate\\Pipeline\\{closure}(Object(Laravel\\Lumen\\Http\\Request))
#21 C:\\DEV\\dontouch-test\\vendor\\laravel\\framework\\src\\Illuminate\\Pipeline\\Pipeline.php(116): Laravel\\Lumen\\Routing\\Pipeline->Laravel\\Lumen\\Routing\\{closure}(Object(Laravel\\Lumen\\Http\\Request))
#22 C:\\DEV\\dontouch-test\\vendor\\laravel\\lumen-framework\\src\\Concerns\\RoutesRequests.php(428): Illuminate\\Pipeline\\Pipeline->then(Object(Closure))
#23 C:\\DEV\\dontouch-test\\vendor\\laravel\\lumen-framework\\src\\Concerns\\RoutesRequests.php(263): Laravel\\Lumen\\Application->sendThroughPipeline(Array, Object(Closure))
#24 C:\\DEV\\dontouch-test\\vendor\\laravel\\lumen-framework\\src\\Concerns\\RoutesRequests.php(171): Laravel\\Lumen\\Application->handleFoundRoute(Array)
#25 C:\\DEV\\dontouch-test\\vendor\\laravel\\lumen-framework\\src\\Routing\\Pipeline.php(48): Laravel\\Lumen\\Application->Laravel\\Lumen\\Concerns\\{closure}(Object(Laravel\\Lumen\\Http\\Request))
#26 C:\\DEV\\dontouch-test\\app\\Http\\Middleware\\AccessOperation.php(21): Laravel\\Lumen\\Routing\\Pipeline->Laravel\\Lumen\\Routing\\{closure}(Object(Laravel\\Lumen\\Http\\Request))
#27 C:\\DEV\\dontouch-test\\vendor\\laravel\\framework\\src\\Illuminate\\Pipeline\\Pipeline.php(180): App\\Http\\Middleware\\AccessOperation->handle(Object(Laravel\\Lumen\\Http\\Request), Object(Closure))
#28 C:\\DEV\\dontouch-test\\vendor\\laravel\\lumen-framework\\src\\Routing\\Pipeline.php(30): Illuminate\\Pipeline\\Pipeline->Illuminate\\Pipeline\\{closure}(Object(Laravel\\Lumen\\Http\\Request))
#29 C:\\DEV\\dontouch-test\\vendor\\laravel\\framework\\src\\Illuminate\\Pipeline\\Pipeline.php(116): Laravel\\Lumen\\Routing\\Pipeline->Laravel\\Lumen\\Routing\\{closure}(Object(Laravel\\Lumen\\Http\\Request))
#30 C:\\DEV\\dontouch-test\\vendor\\laravel\\lumen-framework\\src\\Concerns\\RoutesRequests.php(428): Illuminate\\Pipeline\\Pipeline->then(Object(Closure))
#31 C:\\DEV\\dontouch-test\\vendor\\laravel\\lumen-framework\\src\\Concerns\\RoutesRequests.php(167): Laravel\\Lumen\\Application->sendThroughPipeline(Array, Object(Closure))
#32 C:\\DEV\\dontouch-test\\vendor\\laravel\\lumen-framework\\src\\Concerns\\RoutesRequests.php(112): Laravel\\Lumen\\Application->dispatch(NULL)
#33 C:\\DEV\\dontouch-test\\public\\index.php(28): Laravel\\Lumen\\Application->run()
#34 {main}
"} 
[2024-08-14 17:16:48] laravel.WARNING: Constant FILTER_SANITIZE_STRING is deprecated in C:\DEV\dontouch-test\app\Http\Controllers\ProfileController.php on line 132  
