[2024-08-14 17:15:30] local.ERROR: include(C:\DEV\dontouch-test\vendor\composer/../../app/Providers/AuthServiceProvider.php): Failed to open stream: No such file or directory {"exception":"[object] (ErrorException(code: 0): include(C:\\DEV\\dontouch-test\\vendor\\composer/../../app/Providers/AuthServiceProvider.php): Failed to open stream: No such file or directory at C:\\DEV\\dontouch-test\\vendor\\composer\\ClassLoader.php:576)
[stacktrace]
#0 C:\\DEV\\dontouch-test\\vendor\\laravel\\lumen-framework\\src\\Concerns\\RegistersExceptionHandlers.php(47): Laravel\\Lumen\\Application->handleError(2, 'include(C:\\\\DEV\\\\...', 'C:\\\\DEV\\\\dontouch...', 576)
#1 C:\\DEV\\dontouch-test\\vendor\\composer\\ClassLoader.php(576): Laravel\\Lumen\\Application->Laravel\\Lumen\\Concerns\\{closure}(2, 'include(C:\\\\DEV\\\\...', 'C:\\\\DEV\\\\dontouch...', 576)
#2 C:\\DEV\\dontouch-test\\vendor\\composer\\ClassLoader.php(576): include('C:\\\\DEV\\\\dontouch...')
#3 C:\\DEV\\dontouch-test\\vendor\\composer\\ClassLoader.php(427): Composer\\Autoload\\{closure}('C:\\\\DEV\\\\dontouch...')
#4 C:\\DEV\\dontouch-test\\vendor\\laravel\\lumen-framework\\src\\Application.php(250): Composer\\Autoload\\ClassLoader->loadClass('App\\\\Providers\\\\A...')
#5 C:\\DEV\\dontouch-test\\bootstrap\\app.php(81): Laravel\\Lumen\\Application->register('App\\\\Providers\\\\A...')
#6 C:\\DEV\\dontouch-test\\public\\index.php(14): require('C:\\\\DEV\\\\dontouch...')
#7 {main}
"} 
[2024-08-14 17:16:04] local.ERROR: Class App\Models\User contains 2 abstract methods and must therefore be declared abstract or implement the remaining methods (Tymon\JWTAuth\Contracts\JWTSubject::getJWTIdentifier, Tymon\JWTAuth\Contracts\JWTSubject::getJWTCustomClaims) {"exception":"[object] (Symfony\\Component\\ErrorHandler\\Error\\FatalError(code: 0): Class App\\Models\\User contains 2 abstract methods and must therefore be declared abstract or implement the remaining methods (Tymon\\JWTAuth\\Contracts\\JWTSubject::getJWTIdentifier, Tymon\\JWTAuth\\Contracts\\JWTSubject::getJWTCustomClaims) at C:\\DEV\\dontouch-test\\app\\Models\\User.php:13)
[stacktrace]
#0 C:\\DEV\\dontouch-test\\vendor\\laravel\\lumen-framework\\src\\Concerns\\RegistersExceptionHandlers.php(150): Symfony\\Component\\ErrorHandler\\Error\\FatalError->__construct(message: ''Class App\\\\\\\\Mod...', code: '0', error: '['type' => 1, '...', traceOffset: '0', traceArgs: '???', trace: '???')
#1 C:\\DEV\\dontouch-test\\vendor\\laravel\\lumen-framework\\src\\Concerns\\RegistersExceptionHandlers.php(137): Laravel\\Lumen\\Application->fatalErrorFromPhpError(error: '['type' => 1, '...', traceOffset: '0')
#2 C:\\DEV\\dontouch-test\\vendor\\laravel\\lumen-framework\\src\\Concerns\\RegistersExceptionHandlers.php(55): Laravel\\Lumen\\Application->handleShutdown()
#3 C:\\DEV\\dontouch-test\\vendor\\laravel\\lumen-framework\\src\\Concerns\\RegistersExceptionHandlers.php(0): Laravel\\Lumen\\Application->Laravel\\Lumen\\Concerns\\{closure:C:\\DEV\\dontouch-test\\vendor\\laravel\\lumen-framework\\src\\Concerns\\RegistersExceptionHandlers.php:54-56}()
#4 {main}
"} 
[2024-08-14 17:16:48] local.DEBUG: Update profile {req} {"req":{"Laravel\\Lumen\\Http\\Request":"POST /api/profile HTTP/1.1

Accept:          */*

Accept-Encoding: gzip, deflate, br

Authorization:   Bearer eyJ0eXAiOiJKV1QiLCJhbGciOiJIUzI1NiJ9.eyJpc3MiOiJodHRwOi8vbG9jYWxob3N0OjgwMDAvYXBpL2F1dGgvbG9naW4iLCJpYXQiOjE3MjM1ODEyNTksImV4cCI6MTcyNDAxMzI1OSwibmJmIjoxNzIzNTgxMjU5LCJqdGkiOiJhbDhXTmltNG1DZGJ4VmpxIiwic3ViIjoiMSIsInBydiI6IjIzYmQ1Yzg5NDlmNjAwYWRiMzllNzAxYzQwMDg3MmRiN2E1OTc2ZjcifQ.x5N3oUmBugoZXmSudQqytF8gkVb-lpUydnVUUZv18yk

Cache-Control:   no-cache

Connection:      keep-alive

Content-Length:  192

Content-Type:    application/json

Host:            localhost:8000

Postman-Token:   0852907d-7ff4-4bac-bd50-6f5a50885f28

User-Agent:      PostmanRuntime/7.41.1



{

        \"nome\": \"davide\",

        \"cognome\": \"davide\",

        \"numero_di_telefono\": \"+395555555\",

        \"data_di_creazione\": \"01/01/2021\",

        \"data_di_modifica\": \"01/01/2021\"

}"}} 
[2024-08-14 17:18:01] local.ERROR: Command "test" is not defined. {"exception":"[object] (Symfony\\Component\\Console\\Exception\\CommandNotFoundException(code: 0): Command \"test\" is not defined. at C:\\DEV\\dontouch-test\\vendor\\symfony\\console\\Application.php:737)
[stacktrace]
#0 C:\\DEV\\dontouch-test\\vendor\\symfony\\console\\Application.php(266): Symfony\\Component\\Console\\Application->find('test')
#1 C:\\DEV\\dontouch-test\\vendor\\symfony\\console\\Application.php(175): Symfony\\Component\\Console\\Application->doRun(Object(Symfony\\Component\\Console\\Input\\ArgvInput), Object(Symfony\\Component\\Console\\Output\\ConsoleOutput))
#2 C:\\DEV\\dontouch-test\\vendor\\laravel\\framework\\src\\Illuminate\\Console\\Application.php(102): Symfony\\Component\\Console\\Application->run(Object(Symfony\\Component\\Console\\Input\\ArgvInput), Object(Symfony\\Component\\Console\\Output\\ConsoleOutput))
#3 C:\\DEV\\dontouch-test\\vendor\\laravel\\lumen-framework\\src\\Console\\Kernel.php(116): Illuminate\\Console\\Application->run(Object(Symfony\\Component\\Console\\Input\\ArgvInput), Object(Symfony\\Component\\Console\\Output\\ConsoleOutput))
#4 C:\\DEV\\dontouch-test\\artisan(35): Laravel\\Lumen\\Console\\Kernel->handle(Object(Symfony\\Component\\Console\\Input\\ArgvInput), Object(Symfony\\Component\\Console\\Output\\ConsoleOutput))
#5 {main}
"} 
