[2024-08-16 10:37:28] local.ERROR: Class "Illuminate\Routing\Controller" not found {"request-id":"0ab236ed-a078-4cef-b30f-99096e9ae0ba","baseUrl":null,"method":null,"exception":"[object] (Error(code: 0): Class \"Illuminate\\Routing\\Controller\" not found at C:\\DEV\\dontouch-test\\app\\Http\\Controllers\\ProfileController.php:14)
[stacktrace]
#0 C:\\DEV\\dontouch-test\\vendor\\composer\\ClassLoader.php(576): include()
#1 C:\\DEV\\dontouch-test\\vendor\\composer\\ClassLoader.php(427): Composer\\Autoload\\{closure}('C:\\\\DEV\\\\dontouch...')
#2 [internal function]: Composer\\Autoload\\ClassLoader->loadClass('App\\\\Http\\\\Contro...')
#3 C:\\DEV\\dontouch-test\\vendor\\illuminate\\container\\Container.php(889): ReflectionClass->__construct('App\\\\Http\\\\Contro...')
#4 C:\\DEV\\dontouch-test\\vendor\\illuminate\\container\\Container.php(770): Illuminate\\Container\\Container->build('App\\\\Http\\\\Contro...')
#5 C:\\DEV\\dontouch-test\\vendor\\illuminate\\container\\Container.php(706): Illuminate\\Container\\Container->resolve('App\\\\Http\\\\Contro...', Array)
#6 C:\\DEV\\dontouch-test\\vendor\\laravel\\lumen-framework\\src\\Application.php(327): Illuminate\\Container\\Container->make('App\\\\Http\\\\Contro...', Array)
#7 C:\\DEV\\dontouch-test\\vendor\\laravel\\lumen-framework\\src\\Concerns\\RoutesRequests.php(326): Laravel\\Lumen\\Application->make('App\\\\Http\\\\Contro...')
#8 C:\\DEV\\dontouch-test\\vendor\\laravel\\lumen-framework\\src\\Concerns\\RoutesRequests.php(284): Laravel\\Lumen\\Application->callControllerAction(Array)
#9 C:\\DEV\\dontouch-test\\vendor\\laravel\\lumen-framework\\src\\Concerns\\RoutesRequests.php(269): Laravel\\Lumen\\Application->callActionOnArrayBasedRoute(Array)
#10 C:\\DEV\\dontouch-test\\vendor\\laravel\\lumen-framework\\src\\Concerns\\RoutesRequests.php(171): Laravel\\Lumen\\Application->handleFoundRoute(Array)
#11 C:\\DEV\\dontouch-test\\vendor\\laravel\\lumen-framework\\src\\Routing\\Pipeline.php(48): Laravel\\Lumen\\Application->Laravel\\Lumen\\Concerns\\{closure}(Object(Laravel\\Lumen\\Http\\Request))
#12 C:\\DEV\\dontouch-test\\app\\Http\\Middleware\\AssignRequestId.php(23): Laravel\\Lumen\\Routing\\Pipeline->Laravel\\Lumen\\Routing\\{closure}(Object(Laravel\\Lumen\\Http\\Request))
#13 C:\\DEV\\dontouch-test\\vendor\\illuminate\\pipeline\\Pipeline.php(180): App\\Http\\Middleware\\AssignRequestId->handle(Object(Laravel\\Lumen\\Http\\Request), Object(Closure))
#14 C:\\DEV\\dontouch-test\\vendor\\laravel\\lumen-framework\\src\\Routing\\Pipeline.php(30): Illuminate\\Pipeline\\Pipeline->Illuminate\\Pipeline\\{closure}(Object(Laravel\\Lumen\\Http\\Request))
#15 C:\\DEV\\dontouch-test\\app\\Http\\Middleware\\Language.php(30): Laravel\\Lumen\\Routing\\Pipeline->Laravel\\Lumen\\Routing\\{closure}(Object(Laravel\\Lumen\\Http\\Request))
#16 C:\\DEV\\dontouch-test\\vendor\\illuminate\\pipeline\\Pipeline.php(180): App\\Http\\Middleware\\Language->handle(Object(Laravel\\Lumen\\Http\\Request), Object(Closure))
#17 C:\\DEV\\dontouch-test\\vendor\\laravel\\lumen-framework\\src\\Routing\\Pipeline.php(30): Illuminate\\Pipeline\\Pipeline->Illuminate\\Pipeline\\{closure}(Object(Laravel\\Lumen\\Http\\Request))
#18 C:\\DEV\\dontouch-test\\app\\Http\\Middleware\\AccessOperation.php(21): Laravel\\Lumen\\Routing\\Pipeline->Laravel\\Lumen\\Routing\\{closure}(Object(Laravel\\Lumen\\Http\\Request))
#19 C:\\DEV\\dontouch-test\\vendor\\illuminate\\pipeline\\Pipeline.php(180): App\\Http\\Middleware\\AccessOperation->handle(Object(Laravel\\Lumen\\Http\\Request), Object(Closure))
#20 C:\\DEV\\dontouch-test\\vendor\\laravel\\lumen-framework\\src\\Routing\\Pipeline.php(30): Illuminate\\Pipeline\\Pipeline->Illuminate\\Pipeline\\{closure}(Object(Laravel\\Lumen\\Http\\Request))
#21 C:\\DEV\\dontouch-test\\vendor\\illuminate\\pipeline\\Pipeline.php(116): Laravel\\Lumen\\Routing\\Pipeline->Laravel\\Lumen\\Routing\\{closure}(Object(Laravel\\Lumen\\Http\\Request))
#22 C:\\DEV\\dontouch-test\\vendor\\laravel\\lumen-framework\\src\\Concerns\\RoutesRequests.php(428): Illuminate\\Pipeline\\Pipeline->then(Object(Closure))
#23 C:\\DEV\\dontouch-test\\vendor\\laravel\\lumen-framework\\src\\Concerns\\RoutesRequests.php(167): Laravel\\Lumen\\Application->sendThroughPipeline(Array, Object(Closure))
#24 C:\\DEV\\dontouch-test\\vendor\\laravel\\lumen-framework\\src\\Concerns\\RoutesRequests.php(112): Laravel\\Lumen\\Application->dispatch(NULL)
#25 C:\\DEV\\dontouch-test\\public\\index.php(28): Laravel\\Lumen\\Application->run()
#26 {main}
"} 
[2024-08-16 10:39:38] local.DEBUG: Reading all profile  {"request-id":"1e23c84e-fad5-40c2-a5e0-348a9279be32","baseUrl":null,"method":null} 
