[2024-08-16T18:13:31.979409+00:00] AccessOperation.INFO: Home [] []
[2024-08-16T18:13:32.985410+00:00] AccessOperation.INFO: Home [] []
[2024-08-16T18:13:33.864083+00:00] AccessOperation.INFO: Home [] []
[2024-08-16T18:14:57.826531+00:00] AccessOperation.INFO: Home [] []
[2024-08-16T18:14:59.070120+00:00] AccessOperation.INFO: Home [] []
[2024-08-16T18:18:27.613771+00:00] AccessOperation.INFO: Home [] []
[2024-08-16T18:18:29.606681+00:00] AccessOperation.INFO: Home [] []
[2024-08-16T18:20:41.622069+00:00] AccessOperation.INFO: Home [] []
[2024-08-16T18:20:42.848758+00:00] AccessOperation.INFO: Home [] []
[2024-08-16T18:21:47.869415+00:00] AccessOperation.INFO: Home [] []
[2024-08-16T18:21:51.052193+00:00] AccessOperation.INFO: Home [] []
[2024-08-16T18:22:28.978541+00:00] AccessOperation.INFO: Home [] []
[2024-08-16T18:22:37.570807+00:00] AccessOperation.INFO: Home [] []
[2024-08-16T18:24:50.751371+00:00] AccessOperation.INFO: Home [] []
[2024-08-16T18:26:12.116419+00:00] AccessOperation.INFO: Home [] []
[2024-08-16T18:29:41.258436+00:00] AccessOperation.INFO: ProfileController@readAll [] []
[2024-08-16T20:14:06.218258+00:00] AccessOperation.INFO: ProfileController@readAll [] []
[2024-08-16T20:16:42.399796+00:00] AccessOperation.INFO: AuthController@login [] []
[2024-08-16T20:33:39.424488+00:00] AccessOperation.INFO: AuthController@login [] []
[2024-08-16T20:35:28.867462+00:00] AccessOperation.INFO: AuthController@login [] []
[2024-08-16T20:36:58.946386+00:00] AccessOperation.INFO: AuthController@login [] []
[2024-08-16T20:38:09.698902+00:00] AccessOperation.INFO: ProfileController@readAll [] []
[2024-08-16T20:38:16.409095+00:00] AccessOperation.INFO: AuthController@login [] []
[2024-08-16T20:38:23.837546+00:00] AccessOperation.INFO: AuthController@login [] []
[2024-08-16T20:39:02.016686+00:00] AccessOperation.INFO: AuthController@login [] []
[2024-08-16T20:39:03.577449+00:00] AccessOperation.INFO: AuthController@login [] []
[2024-08-16T20:52:09.962015+00:00] AccessOperation.INFO: Home [] []
[2024-08-16T20:54:17.549505+00:00] AccessOperation.INFO: Home [] []
[2024-08-16T20:59:44.439797+00:00] AccessOperation.INFO: Home [] []
[2024-08-16T21:00:04.843002+00:00] AccessOperation.INFO: Home [] []
[2024-08-17T10:09:28.691699+00:00] AccessOperation.INFO: ProfileController@readAll [] []
[2024-08-17T10:10:57.302108+00:00] AccessOperation.INFO: ProfileController@readAll [] []
[2024-08-17T10:12:50.406216+00:00] AccessOperation.INFO: ProfileController@readAll [] []
[2024-08-17T10:12:50.461654+00:00] AccessOperation.INFO: ProfileController@readAll [] []
[2024-08-17T10:15:16.557506+00:00] AccessOperation.INFO: ProfileController@readAll [] []
[2024-08-17T10:15:16.633038+00:00] AccessOperation.INFO: ProfileController@read [] []
[2024-08-17T10:22:14.931165+00:00] AccessOperation.INFO: ProfileController@read [] []
[2024-08-17T10:22:14.994996+00:00] AccessOperation.INFO: ProfileController@read [] []
[2024-08-17T10:23:53.261946+00:00] AccessOperation.INFO: ProfileController@read [] []
[2024-08-17T10:24:28.806697+00:00] AccessOperation.INFO: ProfileController@read [] []
[2024-08-17T10:25:34.401219+00:00] AccessOperation.INFO: ProfileController@read [] []
[2024-08-17T10:26:09.944531+00:00] AccessOperation.INFO: ProfileController@read [] []
[2024-08-17T10:26:47.513768+00:00] AccessOperation.INFO: ProfileController@read [] []
[2024-08-17T10:31:13.321537+00:00] AccessOperation.INFO: ProfileController@read [] []
[2024-08-17T10:32:18.507358+00:00] AccessOperation.INFO: ProfileController@read [] []
[2024-08-17T10:34:09.367193+00:00] AccessOperation.INFO: ProfileController@read [] []
[2024-08-17T10:34:41.820609+00:00] AccessOperation.INFO: ProfileController@read [] []
[2024-08-17T10:35:55.250787+00:00] AccessOperation.INFO: ProfileController@read [] []
[2024-08-17T10:38:14.861863+00:00] AccessOperation.INFO: ProfileController@read [] []
[2024-08-17T10:39:19.931553+00:00] AccessOperation.INFO: ProfileController@readAll [] []
[2024-08-17T10:39:23.863672+00:00] AccessOperation.INFO: ProfileController@read [] []
[2024-08-17T11:00:00.951907+00:00] AccessOperation.INFO: AuthController@login [] []
[2024-08-17T11:00:01.220952+00:00] AccessOperation.INFO: ProfileController@delete [] []
[2024-08-17T11:00:10.203628+00:00] AccessOperation.INFO: AuthController@login [] []
[2024-08-17T11:01:07.369940+00:00] AccessOperation.INFO: AuthController@login [] []
[2024-08-17T11:01:07.562168+00:00] AccessOperation.INFO: ProfileController@update [] []
[2024-08-17T11:01:09.035244+00:00] AccessOperation.INFO: AuthController@login [] []
[2024-08-17T11:01:09.206008+00:00] AccessOperation.INFO: ProfileController@update [] []
[2024-08-17T11:02:09.050512+00:00] AccessOperation.INFO: AuthController@login [] []
[2024-08-17T11:03:20.753876+00:00] AccessOperation.INFO: ProfileController@update [] []
[2024-08-17T11:04:28.466638+00:00] AccessOperation.INFO: AuthController@login [] []
[2024-08-17T11:04:28.685325+00:00] AccessOperation.INFO: ProfileController@update [] []
[2024-08-17T11:04:30.038362+00:00] AccessOperation.INFO: AuthController@login [] []
[2024-08-17T11:04:33.581470+00:00] AccessOperation.INFO: ProfileController@update [] []
[2024-08-17T11:10:31.127603+00:00] AccessOperation.INFO: AuthController@login [] []
[2024-08-17T11:10:31.298232+00:00] AccessOperation.INFO: ProfileController@update [] []
[2024-08-17T11:13:20.127649+00:00] AccessOperation.INFO: AuthController@login [] []
[2024-08-17T11:13:20.302619+00:00] AccessOperation.INFO: ProfileController@update [] []
[2024-08-17T11:13:54.895167+00:00] AccessOperation.INFO: AuthController@login [] []
[2024-08-17T11:13:55.057879+00:00] AccessOperation.INFO: ProfileController@update [] []
[2024-08-17T11:14:00.869001+00:00] AccessOperation.INFO: AuthController@login [] []
[2024-08-17T11:14:01.041886+00:00] AccessOperation.INFO: ProfileController@create [] []
[2024-08-17T11:14:27.683690+00:00] AccessOperation.INFO: AuthController@login [] []
[2024-08-17T11:14:27.845231+00:00] AccessOperation.INFO: ProfileController@create [] []
[2024-08-17T11:14:33.892742+00:00] AccessOperation.INFO: AuthController@login [] []
[2024-08-17T11:14:34.093292+00:00] AccessOperation.INFO: ProfileController@delete [] []
[2024-08-17T11:16:56.124425+00:00] AccessOperation.INFO: AuthController@login [] []
[2024-08-17T11:16:56.325084+00:00] AccessOperation.INFO: ProfileController@update [] []
[2024-08-17T11:17:03.141178+00:00] AccessOperation.INFO: AuthController@login [] []
[2024-08-17T11:17:03.343588+00:00] AccessOperation.INFO: ProfileController@update [] []
[2024-08-17T11:18:11.144271+00:00] AccessOperation.INFO: AuthController@login [] []
[2024-08-17T11:18:11.309748+00:00] AccessOperation.INFO: ProfileController@update [] []
[2024-08-17T11:18:31.618814+00:00] AccessOperation.INFO: AuthController@login [] []
[2024-08-17T11:18:31.785397+00:00] AccessOperation.INFO: ProfileController@create [] []
[2024-08-17T11:18:48.726561+00:00] AccessOperation.INFO: AuthController@login [] []
[2024-08-17T11:18:48.897748+00:00] AccessOperation.INFO: ProfileController@delete [] []
[2024-08-17T11:19:19.122670+00:00] AccessOperation.INFO: AuthController@login [] []
[2024-08-17T11:19:19.291939+00:00] AccessOperation.INFO: ProfileController@delete [] []
[2024-08-17T11:25:44.199100+00:00] AccessOperation.INFO: AuthController@login [] []
[2024-08-17T11:25:44.362881+00:00] AccessOperation.INFO: ProfileController@delete [] []
[2024-08-17T11:30:39.693581+00:00] AccessOperation.INFO: AuthController@login [] []
[2024-08-17T11:30:39.865459+00:00] AccessOperation.INFO: ProfileController@update [] []
[2024-08-17T11:30:50.056270+00:00] AccessOperation.INFO: AuthController@login [] []
[2024-08-17T11:30:50.249528+00:00] AccessOperation.INFO: ProfileController@delete [] []
[2024-08-17T11:32:56.520782+00:00] AccessOperation.INFO: AuthController@login [] []
[2024-08-17T11:32:56.677850+00:00] AccessOperation.INFO: ProfileController@update [] []
[2024-08-17T11:33:49.330860+00:00] AccessOperation.INFO: AuthController@login [] []
[2024-08-17T11:33:49.500127+00:00] AccessOperation.INFO: ProfileController@update [] []
[2024-08-17T11:35:50.126706+00:00] AccessOperation.INFO: AuthController@login [] []
[2024-08-17T11:35:50.295354+00:00] AccessOperation.INFO: ProfileController@update [] []
[2024-08-17T11:38:36.071947+00:00] AccessOperation.INFO: AuthController@login [] []
[2024-08-17T11:38:36.246965+00:00] AccessOperation.INFO: ProfileController@update [] []
[2024-08-17T11:40:12.555194+00:00] AccessOperation.INFO: AuthController@login [] []
[2024-08-17T11:40:12.726465+00:00] AccessOperation.INFO: ProfileController@update [] []
[2024-08-17T11:41:26.093738+00:00] AccessOperation.INFO: AuthController@login [] []
[2024-08-17T11:41:26.260853+00:00] AccessOperation.INFO: ProfileController@update [] []
[2024-08-17T11:42:05.348369+00:00] AccessOperation.INFO: AuthController@login [] []
[2024-08-17T11:42:05.517579+00:00] AccessOperation.INFO: ProfileController@create [] []
[2024-08-17T11:42:25.200408+00:00] AccessOperation.INFO: AuthController@login [] []
[2024-08-17T11:42:25.407243+00:00] AccessOperation.INFO: ProfileController@update [] []
[2024-08-17T11:45:25.280821+00:00] AccessOperation.INFO: ProfileAttributeController@readAll [] []
[2024-08-17T11:45:28.986401+00:00] AccessOperation.INFO: ProfileAttributeController@read [] []
[2024-08-17T11:45:31.931616+00:00] AccessOperation.INFO: AuthController@login [] []
[2024-08-17T11:45:32.094296+00:00] AccessOperation.INFO: ProfileAttributeController@create [] []
[2024-08-17T11:45:45.113357+00:00] AccessOperation.INFO: AuthController@login [] []
[2024-08-17T11:45:45.315821+00:00] AccessOperation.INFO: ProfileAttributeController@create [] []
[2024-08-17T11:46:27.782386+00:00] AccessOperation.INFO: AuthController@login [] []
[2024-08-17T11:46:27.940226+00:00] AccessOperation.INFO: ProfileAttributeController@create [] []
