[2024-08-16T17:57:47.534284+00:00] AccessOperation.INFO: http://localhost:8888 [] []
[2024-08-16T17:57:49.137216+00:00] AccessOperation.INFO: http://localhost:8888 [] []
[2024-08-16T17:58:05.767673+00:00] AccessOperation.INFO: http://localhost:8888 [] []
[2024-08-16T17:58:11.019826+00:00] AccessOperation.INFO: http://localhost:8888/api/profile [] []
[2024-08-16T17:58:31.009538+00:00] AccessOperation.INFO: http://localhost [] []
[2024-08-16T17:59:11.115773+00:00] AccessOperation.INFO: http://localhost [] []
[2024-08-16T18:00:02.891063+00:00] AccessOperation.INFO: http://localhost [] []
[2024-08-16T18:02:29.643023+00:00] AccessOperation.INFO: http://localhost [] []
[2024-08-16T18:02:31.364172+00:00] AccessOperation.INFO: http://localhost [] []
[2024-08-16T18:03:15.280003+00:00] AccessOperation.INFO: http://localhost [] []
[2024-08-16T18:03:15.318709+00:00] AccessOperation.INFO: http://localhost/api/profile [] []
[2024-08-16T18:03:31.053082+00:00] AccessOperation.INFO: http://localhost:8888 [] []
[2024-08-16T18:03:41.970665+00:00] AccessOperation.INFO: http://localhost [] []
[2024-08-16T18:03:42.027127+00:00] AccessOperation.INFO: http://localhost/api/profile [] []
[2024-08-16T18:03:50.775601+00:00] AccessOperation.INFO: http://localhost [] []
[2024-08-16T18:04:59.836279+00:00] AccessOperation.INFO: http://localhost [] []
[2024-08-16T18:04:59.865288+00:00] AccessOperation.INFO: http://localhost/api/profile [] []
[2024-08-16T18:05:46.543226+00:00] AccessOperation.INFO: http://localhost [] []
[2024-08-16T18:06:06.972698+00:00] AccessOperation.INFO: http://localhost [] []
[2024-08-16T18:09:03.377042+00:00] AccessOperation.INFO: http://localhost [] []
[2024-08-16T18:09:47.856168+00:00] AccessOperation.INFO: http://localhost [] []
[2024-08-16T18:10:07.568959+00:00] AccessOperation.INFO: http://localhost [] []
[2024-08-16T18:13:31.950929+00:00] AccessOperation.INFO: http://localhost:8888 [] []
[2024-08-16T18:13:32.958254+00:00] AccessOperation.INFO: http://localhost:8888 [] []
[2024-08-16T18:13:33.839200+00:00] AccessOperation.INFO: http://localhost:8888 [] []
[2024-08-16T18:14:57.781260+00:00] AccessOperation.INFO: http://localhost:8888 [] []
[2024-08-16T18:14:59.050040+00:00] AccessOperation.INFO: http://localhost:8888 [] []
[2024-08-16T18:16:13.688267+00:00] AccessOperation.INFO: http://localhost:8888 [] []
[2024-08-16T18:16:30.247213+00:00] AccessOperation.INFO: http://localhost:8888 [] []
[2024-08-16T18:16:32.749796+00:00] AccessOperation.INFO: http://localhost:8888 [] []
[2024-08-16T18:18:27.590824+00:00] AccessOperation.INFO: http://localhost:8888 [] []
[2024-08-16T18:18:29.563183+00:00] AccessOperation.INFO: http://localhost:8888 [] []
[2024-08-16T18:20:41.556965+00:00] AccessOperation.INFO: http://localhost:8888 [] []
[2024-08-16T18:20:42.752404+00:00] AccessOperation.INFO: http://localhost:8888 [] []
[2024-08-16T18:21:47.824918+00:00] AccessOperation.INFO: http://localhost:8888 [] []
[2024-08-16T18:21:51.002006+00:00] AccessOperation.INFO: http://localhost:8888 [] []
[2024-08-16T18:22:28.930027+00:00] AccessOperation.INFO: http://localhost:8888 [] []
[2024-08-16T18:22:37.519661+00:00] AccessOperation.INFO: http://localhost:8888 [] []
[2024-08-16T18:24:50.694933+00:00] AccessOperation.INFO: http://localhost:8888 [] []
[2024-08-16T18:26:12.059896+00:00] AccessOperation.INFO: http://localhost:8888 [] []
[2024-08-16T18:29:20.536007+00:00] AccessOperation.INFO: http://localhost [] []
[2024-08-16T18:29:20.575100+00:00] AccessOperation.INFO: http://localhost/api/profile [] []
[2024-08-16T18:29:41.220541+00:00] AccessOperation.INFO: http://localhost:8888/api/profile [] []
[2024-08-16T18:29:50.800146+00:00] AccessOperation.INFO: http://localhost [] []
[2024-08-16T18:29:50.840267+00:00] AccessOperation.INFO: http://localhost/api/profile [] []
[2024-08-16T18:30:27.116381+00:00] AccessOperation.INFO: http://localhost [] []
[2024-08-16T18:30:27.147415+00:00] AccessOperation.INFO: http://localhost/api/profile [] []
[2024-08-16T19:49:45.193820+00:00] AccessOperation.INFO: http://localhost/hghghfghfghfghfg [] []
[2024-08-16T19:52:00.264976+00:00] AccessOperation.INFO: http://localhost/hghghfghfghfghfg [] []
[2024-08-16T19:53:38.221595+00:00] AccessOperation.INFO: http://localhost/aaaaaaaa [] []
[2024-08-16T19:55:27.488964+00:00] AccessOperation.INFO: http://localhost/aaaaaaaa [] []
[2024-08-16T19:56:42.791037+00:00] AccessOperation.INFO: http://localhost/aaaaaaaa [] []
[2024-08-16T20:07:26.697158+00:00] AccessOperation.INFO: http://localhost/aaaaaaaa [] []
[2024-08-16T20:07:40.293535+00:00] AccessOperation.INFO: http://localhost:8888/gdzr6uhgjc [] []
[2024-08-16T20:08:58.477056+00:00] AccessOperation.INFO: http://localhost/aaaaaaaa [] []
[2024-08-16T20:09:53.138153+00:00] AccessOperation.INFO: http://localhost/aaaaaaaa [] []
[2024-08-16T20:10:16.160778+00:00] AccessOperation.INFO: http://localhost:8888/gdzr6uhgjc [] []
[2024-08-16T20:10:18.514416+00:00] AccessOperation.INFO: http://localhost:8888/gdzr6uhgjc [] []
[2024-08-16T20:10:52.042908+00:00] AccessOperation.INFO: http://localhost:8888/gdzr6uhgjc [] []
[2024-08-16T20:14:06.191235+00:00] AccessOperation.INFO: http://localhost/api/profile [] []
[2024-08-16T20:14:10.293516+00:00] AccessOperation.INFO: http://localhost/api/profile/1 [] []
[2024-08-16T20:16:42.375858+00:00] AccessOperation.INFO: http://localhost/api/auth/login [] []
[2024-08-16T20:33:39.278269+00:00] AccessOperation.INFO: http://localhost:8888/api/auth/login [] []
[2024-08-16T20:35:28.847463+00:00] AccessOperation.INFO: http://localhost:8888/api/auth/login [] []
[2024-08-16T20:36:58.912578+00:00] AccessOperation.INFO: http://localhost:8888/api/auth/login [] []
[2024-08-16T20:38:09.669609+00:00] AccessOperation.INFO: http://localhost/api/profile [] []
[2024-08-16T20:38:09.671842+00:00] AccessOperation.INFO: http://localhost/api/profile/1 [] []
[2024-08-16T20:38:16.377700+00:00] AccessOperation.INFO: http://localhost/api/auth/login [] []
[2024-08-16T20:38:23.811209+00:00] AccessOperation.INFO: http://localhost/api/auth/login [] []
[2024-08-16T20:39:01.994146+00:00] AccessOperation.INFO: http://localhost/api/auth/login [] []
[2024-08-16T20:39:03.555748+00:00] AccessOperation.INFO: http://localhost/api/auth/login [] []
[2024-08-16T20:52:09.922783+00:00] AccessOperation.INFO: http://localhost:8888 [] []
[2024-08-16T20:54:17.516965+00:00] AccessOperation.INFO: http://localhost:8888 [] []
[2024-08-16T20:59:44.408949+00:00] AccessOperation.INFO: http://localhost:8888 [] []
[2024-08-16T21:00:04.827306+00:00] AccessOperation.INFO: http://localhost:8888 [] []
[2024-08-17T10:09:00.874238+00:00] AccessOperation.INFO: http://localhost/api/profile [] []
[2024-08-17T10:09:28.656229+00:00] AccessOperation.INFO: http://localhost/api/profile [] []
[2024-08-17T10:10:57.279680+00:00] AccessOperation.INFO: http://localhost/api/profile [] []
[2024-08-17T10:12:50.383727+00:00] AccessOperation.INFO: http://localhost/api/profile [] []
[2024-08-17T10:12:50.459100+00:00] AccessOperation.INFO: http://localhost/api/profile [] []
[2024-08-17T10:15:16.527189+00:00] AccessOperation.INFO: http://localhost/api/profile [] []
[2024-08-17T10:15:16.623235+00:00] AccessOperation.INFO: http://localhost/api/profile/1 [] []
[2024-08-17T10:15:16.652021+00:00] AccessOperation.INFO: http://localhost/api/profile [] []
[2024-08-17T10:15:16.693528+00:00] AccessOperation.INFO: http://localhost/api/profile [] []
[2024-08-17T10:15:16.710742+00:00] AccessOperation.INFO: http://localhost/api/profile/1 [] []
[2024-08-17T10:22:14.906738+00:00] AccessOperation.INFO: http://localhost/api/profile/1 [] []
[2024-08-17T10:22:14.992336+00:00] AccessOperation.INFO: http://localhost/api/profile/1 [] []
[2024-08-17T10:22:15.010471+00:00] AccessOperation.INFO: http://localhost/api/profile [] []
[2024-08-17T10:22:15.045820+00:00] AccessOperation.INFO: http://localhost/api/profile [] []
[2024-08-17T10:22:15.055991+00:00] AccessOperation.INFO: http://localhost/api/profile/1 [] []
[2024-08-17T10:23:53.235330+00:00] AccessOperation.INFO: http://localhost/api/profile/1 [] []
[2024-08-17T10:24:28.761217+00:00] AccessOperation.INFO: http://localhost/api/profile/1 [] []
[2024-08-17T10:25:34.374956+00:00] AccessOperation.INFO: http://localhost/api/profile/1 [] []
[2024-08-17T10:26:09.893876+00:00] AccessOperation.INFO: http://localhost/api/profile/1 [] []
[2024-08-17T10:26:47.474931+00:00] AccessOperation.INFO: http://localhost/api/profile/1 [] []
[2024-08-17T10:31:13.287275+00:00] AccessOperation.INFO: http://localhost/api/profile/1 [] []
[2024-08-17T10:32:18.471252+00:00] AccessOperation.INFO: http://localhost/api/profile/1 [] []
[2024-08-17T10:34:09.325898+00:00] AccessOperation.INFO: http://localhost/api/profile/1 [] []
[2024-08-17T10:34:41.793745+00:00] AccessOperation.INFO: http://localhost/api/profile/1 [] []
[2024-08-17T10:35:55.224661+00:00] AccessOperation.INFO: http://localhost/api/profile/1 [] []
[2024-08-17T10:38:14.836951+00:00] AccessOperation.INFO: http://localhost/api/profile/1 [] []
[2024-08-17T10:39:19.899864+00:00] AccessOperation.INFO: http://localhost/api/profile [] []
[2024-08-17T10:39:23.836710+00:00] AccessOperation.INFO: http://localhost/api/profile/1 [] []
[2024-08-17T10:59:18.018652+00:00] AccessOperation.INFO: http://localhost/api/profile/2 [] []
[2024-08-17T11:00:00.918181+00:00] AccessOperation.INFO: http://localhost/api/auth/login [] []
[2024-08-17T11:00:01.215243+00:00] AccessOperation.INFO: http://localhost/api/profile/2 [] []
[2024-08-17T11:00:10.167104+00:00] AccessOperation.INFO: http://localhost/api/auth/login [] []
[2024-08-17T11:00:10.373065+00:00] AccessOperation.INFO: http://localhost/api/profile [] []
[2024-08-17T11:01:07.345164+00:00] AccessOperation.INFO: http://localhost/api/auth/login [] []
[2024-08-17T11:01:07.552041+00:00] AccessOperation.INFO: http://localhost/api/profile/1 [] []
[2024-08-17T11:01:09.014705+00:00] AccessOperation.INFO: http://localhost/api/auth/login [] []
[2024-08-17T11:01:09.200379+00:00] AccessOperation.INFO: http://localhost/api/profile/1 [] []
[2024-08-17T11:02:09.029293+00:00] AccessOperation.INFO: http://localhost/api/auth/login [] []
[2024-08-17T11:03:07.502769+00:00] AccessOperation.INFO: http://localhost/api/profile/1 [] []
[2024-08-17T11:04:28.429102+00:00] AccessOperation.INFO: http://localhost/api/auth/login [] []
[2024-08-17T11:04:28.676957+00:00] AccessOperation.INFO: http://localhost/api/profile/1 [] []
[2024-08-17T11:04:30.012313+00:00] AccessOperation.INFO: http://localhost/api/auth/login [] []
[2024-08-17T11:04:30.218423+00:00] AccessOperation.INFO: http://localhost/api/profile/1 [] []
[2024-08-17T11:10:31.098505+00:00] AccessOperation.INFO: http://localhost/api/auth/login [] []
[2024-08-17T11:10:31.291372+00:00] AccessOperation.INFO: http://localhost/api/profile/1 [] []
[2024-08-17T11:13:20.093107+00:00] AccessOperation.INFO: http://localhost/api/auth/login [] []
[2024-08-17T11:13:20.296270+00:00] AccessOperation.INFO: http://localhost/api/profile/1 [] []
[2024-08-17T11:13:54.873091+00:00] AccessOperation.INFO: http://localhost/api/auth/login [] []
[2024-08-17T11:13:55.051604+00:00] AccessOperation.INFO: http://localhost/api/profile/1 [] []
[2024-08-17T11:14:00.847034+00:00] AccessOperation.INFO: http://localhost/api/auth/login [] []
[2024-08-17T11:14:01.037038+00:00] AccessOperation.INFO: http://localhost/api/profile [] []
[2024-08-17T11:14:27.660073+00:00] AccessOperation.INFO: http://localhost/api/auth/login [] []
[2024-08-17T11:14:27.842269+00:00] AccessOperation.INFO: http://localhost/api/profile [] []
[2024-08-17T11:14:33.871032+00:00] AccessOperation.INFO: http://localhost/api/auth/login [] []
[2024-08-17T11:14:34.076871+00:00] AccessOperation.INFO: http://localhost/api/profile/2 [] []
[2024-08-17T11:16:56.095054+00:00] AccessOperation.INFO: http://localhost/api/auth/login [] []
[2024-08-17T11:16:56.316135+00:00] AccessOperation.INFO: http://localhost/api/profile/1 [] []
[2024-08-17T11:17:03.117130+00:00] AccessOperation.INFO: http://localhost/api/auth/login [] []
[2024-08-17T11:17:03.337773+00:00] AccessOperation.INFO: http://localhost/api/profile/1 [] []
[2024-08-17T11:18:11.122348+00:00] AccessOperation.INFO: http://localhost/api/auth/login [] []
[2024-08-17T11:18:11.303204+00:00] AccessOperation.INFO: http://localhost/api/profile/1 [] []
[2024-08-17T11:18:31.597199+00:00] AccessOperation.INFO: http://localhost/api/auth/login [] []
[2024-08-17T11:18:31.782260+00:00] AccessOperation.INFO: http://localhost/api/profile [] []
[2024-08-17T11:18:48.704179+00:00] AccessOperation.INFO: http://localhost/api/auth/login [] []
[2024-08-17T11:18:48.891755+00:00] AccessOperation.INFO: http://localhost/api/profile/2 [] []
[2024-08-17T11:19:19.098439+00:00] AccessOperation.INFO: http://localhost/api/auth/login [] []
[2024-08-17T11:19:19.285522+00:00] AccessOperation.INFO: http://localhost/api/profile/2 [] []
[2024-08-17T11:25:44.176717+00:00] AccessOperation.INFO: http://localhost/api/auth/login [] []
[2024-08-17T11:25:44.356658+00:00] AccessOperation.INFO: http://localhost/api/profile/2 [] []
[2024-08-17T11:30:39.668031+00:00] AccessOperation.INFO: http://localhost/api/auth/login [] []
[2024-08-17T11:30:39.858265+00:00] AccessOperation.INFO: http://localhost/api/profile/1 [] []
[2024-08-17T11:30:50.036008+00:00] AccessOperation.INFO: http://localhost/api/auth/login [] []
[2024-08-17T11:30:50.243608+00:00] AccessOperation.INFO: http://localhost/api/profile/2 [] []
[2024-08-17T11:32:56.494099+00:00] AccessOperation.INFO: http://localhost/api/auth/login [] []
[2024-08-17T11:32:56.672097+00:00] AccessOperation.INFO: http://localhost/api/profile/1 [] []
[2024-08-17T11:33:49.308818+00:00] AccessOperation.INFO: http://localhost/api/auth/login [] []
[2024-08-17T11:33:49.492760+00:00] AccessOperation.INFO: http://localhost/api/profile/1 [] []
[2024-08-17T11:35:50.101996+00:00] AccessOperation.INFO: http://localhost/api/auth/login [] []
[2024-08-17T11:35:50.287077+00:00] AccessOperation.INFO: http://localhost/api/profile/1 [] []
[2024-08-17T11:38:36.045070+00:00] AccessOperation.INFO: http://localhost/api/auth/login [] []
[2024-08-17T11:38:36.241016+00:00] AccessOperation.INFO: http://localhost/api/profile/1 [] []
[2024-08-17T11:40:12.533037+00:00] AccessOperation.INFO: http://localhost/api/auth/login [] []
[2024-08-17T11:40:12.720564+00:00] AccessOperation.INFO: http://localhost/api/profile/1 [] []
[2024-08-17T11:41:26.071661+00:00] AccessOperation.INFO: http://localhost/api/auth/login [] []
[2024-08-17T11:41:26.254479+00:00] AccessOperation.INFO: http://localhost/api/profile/1 [] []
[2024-08-17T11:42:05.326657+00:00] AccessOperation.INFO: http://localhost/api/auth/login [] []
[2024-08-17T11:42:05.514358+00:00] AccessOperation.INFO: http://localhost/api/profile [] []
[2024-08-17T11:42:25.168322+00:00] AccessOperation.INFO: http://localhost/api/auth/login [] []
[2024-08-17T11:42:25.401775+00:00] AccessOperation.INFO: http://localhost/api/profile/1 [] []
[2024-08-17T11:45:25.256004+00:00] AccessOperation.INFO: http://localhost/api/profileattribute [] []
[2024-08-17T11:45:28.959468+00:00] AccessOperation.INFO: http://localhost/api/profileattribute/1 [] []
[2024-08-17T11:45:31.910255+00:00] AccessOperation.INFO: http://localhost/api/auth/login [] []
[2024-08-17T11:45:32.091259+00:00] AccessOperation.INFO: http://localhost/api/profileattribute [] []
[2024-08-17T11:45:45.086665+00:00] AccessOperation.INFO: http://localhost/api/auth/login [] []
[2024-08-17T11:45:45.313020+00:00] AccessOperation.INFO: http://localhost/api/profileattribute [] []
[2024-08-17T11:46:27.760106+00:00] AccessOperation.INFO: http://localhost/api/auth/login [] []
[2024-08-17T11:46:27.937032+00:00] AccessOperation.INFO: http://localhost/api/profileattribute [] []
