[2024-08-12T15:33:02.153247+00:00] AccessOperation.INFO:  [] []
[2024-08-12T15:35:09.800660+00:00] AccessOperation.INFO:  [] []
[2024-08-12T15:35:26.294122+00:00] AccessOperation.INFO:  [] []
[2024-08-12T15:35:32.877412+00:00] AccessOperation.INFO:  [] []
[2024-08-12T15:36:30.042097+00:00] AccessOperation.INFO:  [] []
[2024-08-12T15:36:40.925869+00:00] AccessOperation.INFO:  [] []
[2024-08-12T16:02:08.076495+00:00] AccessOperation.INFO:  [] []
[2024-08-12T16:05:43.640470+00:00] AccessOperation.INFO:  [] []
[2024-08-12T16:06:04.023529+00:00] AccessOperation.INFO:  [] []
[2024-08-12T16:08:21.129028+00:00] AccessOperation.INFO:  [] []
[2024-08-12T16:17:30.391191+00:00] AccessOperation.INFO:  [] []
[2024-08-12T16:23:22.724458+00:00] AccessOperation.INFO:  [] []
[2024-08-12T16:26:32.072919+00:00] AccessOperation.INFO:  [] []
[2024-08-12T16:28:58.137432+00:00] AccessOperation.INFO:  [] []
[2024-08-12T16:29:50.473266+00:00] AccessOperation.INFO:  [] []
[2024-08-12T16:32:24.232438+00:00] AccessOperation.INFO:  [] []
[2024-08-12T16:33:35.004244+00:00] AccessOperation.INFO:  [] []
[2024-08-12T16:36:48.526112+00:00] AccessOperation.INFO:  [] []
[2024-08-12T16:57:24.255253+00:00] AccessOperation.INFO:  [] []
[2024-08-12T16:58:04.667819+00:00] AccessOperation.INFO:  [] []
[2024-08-12T16:58:37.490107+00:00] AccessOperation.INFO:  [] []
[2024-08-12T16:58:47.850126+00:00] AccessOperation.INFO:  [] []
[2024-08-12T17:01:35.606641+00:00] AccessOperation.INFO:  [] []
[2024-08-12T17:06:24.569956+00:00] AccessOperation.INFO:  [] []
[2024-08-12T17:07:54.238622+00:00] AccessOperation.INFO:  [] []
[2024-08-12T17:09:54.473185+00:00] AccessOperation.INFO:  [] []
[2024-08-12T17:10:39.152791+00:00] AccessOperation.INFO:  [] []
[2024-08-12T17:13:04.286997+00:00] AccessOperation.INFO:  [] []
[2024-08-12T17:13:48.438036+00:00] AccessOperation.INFO:  [] []
[2024-08-12T17:14:12.192710+00:00] AccessOperation.INFO:  [] []
[2024-08-12T17:16:08.401984+00:00] AccessOperation.INFO:  [] []
[2024-08-12T17:18:45.439774+00:00] AccessOperation.INFO:  [] []
[2024-08-12T17:19:31.737576+00:00] AccessOperation.INFO:  [] []
[2024-08-12T17:22:05.374523+00:00] AccessOperation.INFO:  [] []
[2024-08-12T17:23:40.950385+00:00] AccessOperation.INFO:  [] []
[2024-08-12T17:24:12.246681+00:00] AccessOperation.INFO:  [] []
[2024-08-12T17:25:30.730844+00:00] AccessOperation.INFO:  [] []
[2024-08-12T17:25:56.807275+00:00] AccessOperation.INFO:  [] []
[2024-08-12T17:26:54.980696+00:00] AccessOperation.INFO:  [] []
[2024-08-12T17:42:07.571891+00:00] AccessOperation.INFO:  [] []
[2024-08-12T17:42:28.261844+00:00] AccessOperation.INFO:  [] []
[2024-08-12T17:42:30.619678+00:00] AccessOperation.INFO:  [] []
[2024-08-12T17:43:13.905677+00:00] AccessOperation.INFO:  [] []
[2024-08-12T17:43:33.621588+00:00] AccessOperation.INFO:  [] []
[2024-08-12T17:46:42.639880+00:00] AccessOperation.INFO:  [] []
[2024-08-12T17:47:09.905792+00:00] AccessOperation.INFO:  [] []
[2024-08-12T17:47:33.872388+00:00] AccessOperation.INFO:  [] []
[2024-08-12T17:48:19.062323+00:00] AccessOperation.INFO:  [] []
[2024-08-12T17:48:23.438610+00:00] AccessOperation.INFO:  [] []
[2024-08-12T17:50:50.126618+00:00] AccessOperation.INFO:  [] []
[2024-08-12T17:50:58.727061+00:00] AccessOperation.INFO:  [] []
[2024-08-12T17:52:46.250929+00:00] AccessOperation.INFO:  [] []
[2024-08-12T17:53:07.542793+00:00] AccessOperation.INFO:  [] []
[2024-08-12T17:54:45.257344+00:00] AccessOperation.INFO:  [] []
[2024-08-12T17:55:11.810376+00:00] AccessOperation.INFO:  [] []
[2024-08-12T17:55:36.007545+00:00] AccessOperation.INFO:  [] []
[2024-08-12T17:55:43.640109+00:00] AccessOperation.INFO:  [] []
[2024-08-12T17:56:03.212400+00:00] AccessOperation.INFO:  [] []
[2024-08-12T17:56:23.311610+00:00] AccessOperation.INFO:  [] []
[2024-08-12T17:56:41.794488+00:00] AccessOperation.INFO:  [] []
[2024-08-12T17:59:01.222878+00:00] AccessOperation.INFO:  [] []
[2024-08-12T17:59:21.407890+00:00] AccessOperation.INFO:  [] []
[2024-08-13T09:33:31.209180+00:00] AccessOperation.INFO:  [] []
[2024-08-13T09:33:37.986252+00:00] AccessOperation.INFO:  [] []
[2024-08-13T09:33:49.531341+00:00] AccessOperation.INFO:  [] []
[2024-08-13T09:39:31.157330+00:00] AccessOperation.INFO:  [] []
[2024-08-13T09:39:47.263129+00:00] AccessOperation.INFO:  [] []
[2024-08-13T09:43:37.344450+00:00] AccessOperation.INFO:  [] []
[2024-08-13T09:51:28.862301+00:00] AccessOperation.INFO:  [] []
[2024-08-13T09:53:27.066059+00:00] AccessOperation.INFO:  [] []
[2024-08-13T10:19:54.854033+00:00] AccessOperation.INFO:  [] []
[2024-08-13T10:19:59.147667+00:00] AccessOperation.INFO:  [] []
[2024-08-13T10:22:23.718239+00:00] AccessOperation.INFO:  [] []
[2024-08-13T10:34:29.266929+00:00] AccessOperation.INFO:  [] []
[2024-08-13T10:34:31.817273+00:00] AccessOperation.INFO:  [] []
[2024-08-13T10:36:37.974787+00:00] AccessOperation.INFO:  [] []
[2024-08-13T10:47:07.769451+00:00] AccessOperation.INFO:  [] []
[2024-08-13T12:43:05.192445+00:00] AccessOperation.INFO: http://localhost:8000/api/profile [] []
[2024-08-13T12:43:29.655488+00:00] AccessOperation.INFO: http://localhost:8000/api/profile-attribute [] []
[2024-08-13T12:46:44.025596+00:00] AccessOperation.INFO: http://localhost:8000/api/profile-attribute [] []
[2024-08-13T12:46:50.201353+00:00] AccessOperation.INFO: http://localhost:8000/api/profile [] []
[2024-08-13T12:47:24.358556+00:00] AccessOperation.INFO: http://localhost:8000/api/profile [] []
[2024-08-13T12:48:43.774041+00:00] AccessOperation.INFO: http://localhost:8000/api/profile/1 [] []
[2024-08-13T12:49:20.711631+00:00] AccessOperation.INFO: http://localhost:8000/api/profile/1 [] []
[2024-08-13T12:50:28.489022+00:00] AccessOperation.INFO: http://localhost:8000/api/profile/1 [] []
[2024-08-13T12:51:34.117992+00:00] AccessOperation.INFO: http://localhost:8000/api/profile [] []
[2024-08-13T12:52:08.206892+00:00] AccessOperation.INFO: http://localhost:8000/api/profile [] []
[2024-08-13T12:52:18.408793+00:00] AccessOperation.INFO: http://localhost:8000/api/profile/1 [] []
[2024-08-13T12:57:51.274736+00:00] AccessOperation.INFO: http://localhost:8000/api/profile/1 [] []
[2024-08-13T13:02:21.304444+00:00] AccessOperation.INFO: http://localhost:8000/api/profile/1 [] []
[2024-08-13T13:03:08.308077+00:00] AccessOperation.INFO: http://localhost:8000/api/profile/1 [] []
[2024-08-13T13:27:40.380042+00:00] AccessOperation.INFO: http://localhost:8000/api/profile [] []
[2024-08-13T13:52:03.653434+00:00] AccessOperation.INFO: http://localhost:8000 [] []
[2024-08-13T13:53:29.998583+00:00] AccessOperation.INFO: http://localhost:8000 [] []
[2024-08-13T13:56:40.857542+00:00] AccessOperation.INFO: http://localhost:8000 [] []
[2024-08-13T13:58:09.788078+00:00] AccessOperation.INFO: http://localhost:8000 [] []
[2024-08-13T14:00:03.475169+00:00] AccessOperation.INFO: http://localhost:8000 [] []
[2024-08-13T14:03:53.688179+00:00] AccessOperation.INFO: http://localhost:8000 [] []
[2024-08-13T14:12:06.456621+00:00] AccessOperation.INFO: http://localhost:8000 [] []
[2024-08-13T14:15:42.853750+00:00] AccessOperation.INFO: http://localhost:8000 [] []
[2024-08-13T14:29:54.697803+00:00] AccessOperation.INFO: http://localhost:8000/api/auth/login [] []
[2024-08-13T14:32:16.762786+00:00] AccessOperation.INFO: http://localhost:8000/api/auth/login [] []
[2024-08-13T14:34:00.059532+00:00] AccessOperation.INFO: http://localhost:8000/api/auth/login [] []
[2024-08-13T14:41:34.096001+00:00] AccessOperation.INFO: http://localhost:8000/api/auth/login [] []
[2024-08-13T14:43:50.843782+00:00] AccessOperation.INFO: http://localhost:8000/api/auth/login [] []
[2024-08-13T14:49:03.195661+00:00] AccessOperation.INFO: http://localhost:8000/api/auth/login [] []
[2024-08-13T14:49:24.850838+00:00] AccessOperation.INFO: http://localhost:8000/api/auth/login [] []
[2024-08-13T14:50:43.759136+00:00] AccessOperation.INFO: http://localhost:8000/api/auth/login [] []
[2024-08-13T14:53:39.790587+00:00] AccessOperation.INFO: http://localhost:8000/api/auth/login [] []
[2024-08-13T15:00:01.504150+00:00] AccessOperation.INFO: http://localhost:8000/api/auth/login [] []
[2024-08-13T15:12:39.468351+00:00] AccessOperation.INFO: http://localhost:8000 [] []
[2024-08-13T15:12:46.542307+00:00] AccessOperation.INFO: http://localhost:8000/api/auth/login [] []
[2024-08-13T15:16:10.913833+00:00] AccessOperation.INFO: http://localhost:8000/api/auth/login [] []
[2024-08-13T15:18:10.273264+00:00] AccessOperation.INFO: http://localhost:8000/api/auth/login [] []
[2024-08-13T15:18:30.077183+00:00] AccessOperation.INFO: http://localhost:8000/api/auth/login [] []
[2024-08-13T15:29:43.926778+00:00] AccessOperation.INFO: http://localhost:8000/api/auth/login [] []
[2024-08-13T15:30:23.413893+00:00] AccessOperation.INFO: http://localhost:8000/api/auth/login [] []
[2024-08-13T15:41:15.972312+00:00] AccessOperation.INFO: http://localhost:8000/api/auth/login [] []
[2024-08-13T15:41:32.123426+00:00] AccessOperation.INFO: http://localhost:8000/api/auth/login [] []
[2024-08-13T15:42:30.266596+00:00] AccessOperation.INFO: http://localhost:8000/api/auth/login [] []
[2024-08-13T15:45:51.989743+00:00] AccessOperation.INFO: http://localhost:8000/api/auth/login [] []
[2024-08-13T15:48:25.475120+00:00] AccessOperation.INFO: http://localhost:8000/api/auth/login [] []
[2024-08-13T15:56:55.187876+00:00] AccessOperation.INFO: http://localhost:8000/api/auth/login [] []
[2024-08-13T15:56:57.375300+00:00] AccessOperation.INFO: http://localhost:8000/api/auth/login [] []
[2024-08-13T15:57:41.423120+00:00] AccessOperation.INFO: http://localhost:8000/api/auth/login [] []
[2024-08-13T16:00:42.108791+00:00] AccessOperation.INFO: http://localhost:8000/api/auth/login [] []
[2024-08-13T16:02:51.061404+00:00] AccessOperation.INFO: http://localhost:8000/api/auth/login [] []
[2024-08-13T16:07:28.339280+00:00] AccessOperation.INFO: http://localhost:8000/api/auth/login [] []
[2024-08-13T16:08:56.888937+00:00] AccessOperation.INFO: http://localhost:8000/api/auth/login [] []
[2024-08-13T16:12:39.871011+00:00] AccessOperation.INFO: http://localhost:8000/api/auth/login [] []
[2024-08-13T16:55:52.568700+00:00] AccessOperation.INFO: http://localhost:8000/api/auth/login [] []
[2024-08-13T16:57:30.178086+00:00] AccessOperation.INFO: http://localhost:8000/api/auth/login [] []
[2024-08-13T16:59:23.462578+00:00] AccessOperation.INFO: http://localhost:8000/api/auth/login [] []
[2024-08-13T17:04:22.711443+00:00] AccessOperation.INFO: http://localhost:8000/api/auth/login [] []
[2024-08-13T17:04:24.184629+00:00] AccessOperation.INFO: http://localhost:8000/api/auth/login [] []
[2024-08-13T17:04:26.996087+00:00] AccessOperation.INFO: http://localhost:8000/api/auth/login [] []
[2024-08-13T17:04:29.285876+00:00] AccessOperation.INFO: http://localhost:8000/api/auth/login [] []
[2024-08-13T17:05:44.132918+00:00] AccessOperation.INFO: http://localhost:8000/api/auth/login [] []
[2024-08-13T17:27:51.969903+00:00] AccessOperation.INFO: http://localhost:8000/api/auth/login [] []
